[2019-03-30 22:20:56,739/AEDT][main][ERROR]Can not output merged.log4j.properties,because can not write to directory of file /Users/dannizhao/Downloads/%e5%b7%a5%e4%bd%9c/21%e5%a4%a9%e8%bd%ac%e5%9e%8b%e5%be%ae%e6%9c%8d%e5%8a%a1%e5%ae%9e%e6%88%98%e8%90%a5/Day9/Demo-Day9/helloworld-consumer/target/classes/config/log4j.properties org.apache.servicecomb.foundation.common.utils.Log4jUtils.outputFile(Log4jUtils.java:103)
[2019-03-30 22:20:56,752/AEDT][main][INFO]Found main class "microservice.demo.training21days.consumer.AppMain". org.apache.servicecomb.foundation.common.utils.JvmUtils.findMainClass(JvmUtils.java:62)
[2019-03-30 22:20:56,800/AEDT][main][INFO]Refreshing org.springframework.context.support.ClassPathXmlApplicationContext@60addb54: startup date [Sat Mar 30 22:20:56 AEDT 2019]; root of context hierarchy org.springframework.context.support.AbstractApplicationContext.prepareRefresh(AbstractApplicationContext.java:583)
[2019-03-30 22:20:56,908/AEDT][main][INFO]Loading XML bean definitions from URL [jar:file:/Users/dannizhao/.m2/repository/org/apache/servicecomb/foundation-config/1.1.0.B036/foundation-config-1.1.0.B036.jar!/META-INF/spring/cse.bean.xml] org.springframework.beans.factory.xml.XmlBeanDefinitionReader.loadBeanDefinitions(XmlBeanDefinitionReader.java:317)
[2019-03-30 22:20:57,061/AEDT][main][INFO]Loading XML bean definitions from URL [jar:file:/Users/dannizhao/.m2/repository/org/apache/servicecomb/foundation-vertx/1.1.0.B036/foundation-vertx-1.1.0.B036.jar!/META-INF/spring/cse.bean.xml] org.springframework.beans.factory.xml.XmlBeanDefinitionReader.loadBeanDefinitions(XmlBeanDefinitionReader.java:317)
[2019-03-30 22:20:57,095/AEDT][main][INFO]Loading XML bean definitions from URL [jar:file:/Users/dannizhao/.m2/repository/org/apache/servicecomb/java-chassis-core/1.1.0.B036/java-chassis-core-1.1.0.B036.jar!/META-INF/spring/cse.bean.xml] org.springframework.beans.factory.xml.XmlBeanDefinitionReader.loadBeanDefinitions(XmlBeanDefinitionReader.java:317)
[2019-03-30 22:20:57,851/AEDT][main][INFO]Loading XML bean definitions from URL [jar:file:/Users/dannizhao/.m2/repository/org/apache/servicecomb/handler-bizkeeper/1.1.0.B036/handler-bizkeeper-1.1.0.B036.jar!/META-INF/spring/cse.bean.xml] org.springframework.beans.factory.xml.XmlBeanDefinitionReader.loadBeanDefinitions(XmlBeanDefinitionReader.java:317)
[2019-03-30 22:20:57,871/AEDT][main][INFO]Loading XML bean definitions from URL [jar:file:/Users/dannizhao/.m2/repository/org/apache/servicecomb/handler-loadbalance/1.1.0.B036/handler-loadbalance-1.1.0.B036.jar!/META-INF/spring/cse.bean.xml] org.springframework.beans.factory.xml.XmlBeanDefinitionReader.loadBeanDefinitions(XmlBeanDefinitionReader.java:317)
[2019-03-30 22:20:57,892/AEDT][main][INFO]Loading XML bean definitions from URL [jar:file:/Users/dannizhao/.m2/repository/com/huawei/paas/cse/cse-handler-cloud-extension/2.3.62/cse-handler-cloud-extension-2.3.62.jar!/META-INF/spring/services.bean.xml] org.springframework.beans.factory.xml.XmlBeanDefinitionReader.loadBeanDefinitions(XmlBeanDefinitionReader.java:317)
[2019-03-30 22:20:58,328/AEDT][main][INFO]Environment received, will get configurations from [org.springframework.core.env.StandardEnvironment@970781872]. org.apache.servicecomb.config.ConfigurationSpringInitializer.setEnvironment(ConfigurationSpringInitializer.java:59)
[2019-03-30 22:20:58,354/AEDT][main][WARN]No URLs will be polled as dynamic configuration sources. com.netflix.config.sources.URLConfigurationSource.<init>(URLConfigurationSource.java:121)
[2019-03-30 22:20:58,354/AEDT][main][INFO]To enable URLs as dynamic configuration sources, define System property archaius.configurationSource.additionalUrls or make config.properties available on classpath. com.netflix.config.sources.URLConfigurationSource.<init>(URLConfigurationSource.java:122)
[2019-03-30 22:20:58,485/AEDT][main][INFO]create local config: org.apache.servicecomb.config.ConfigUtil.createLocalConfig(ConfigUtil.java:114)
[2019-03-30 22:20:58,486/AEDT][main][INFO] jar:file:/Users/dannizhao/.m2/repository/org/apache/servicecomb/java-chassis-core/1.1.0.B036/java-chassis-core-1.1.0.B036.jar!/microservice.yaml. org.apache.servicecomb.config.ConfigUtil.createLocalConfig(ConfigUtil.java:116)
[2019-03-30 22:20:58,486/AEDT][main][INFO] jar:file:/Users/dannizhao/.m2/repository/com/huawei/paas/cse/cse-solution-service-engine/2.3.62/cse-solution-service-engine-2.3.62.jar!/microservice.yaml. org.apache.servicecomb.config.ConfigUtil.createLocalConfig(ConfigUtil.java:116)
[2019-03-30 22:20:58,487/AEDT][main][INFO] file:/Users/dannizhao/Downloads/%e5%b7%a5%e4%bd%9c/21%e5%a4%a9%e8%bd%ac%e5%9e%8b%e5%be%ae%e6%9c%8d%e5%8a%a1%e5%ae%9e%e6%88%98%e8%90%a5/Day9/Demo-Day9/helloworld-consumer/target/classes/microservice.yaml. org.apache.servicecomb.config.ConfigUtil.createLocalConfig(ConfigUtil.java:116)
[2019-03-30 22:20:58,586/AEDT][main][INFO]Found SPI service org.apache.servicecomb.config.spi.ConfigCenterConfigurationSource, count=1. org.apache.servicecomb.foundation.common.utils.SPIServiceUtils.loadSortedService(SPIServiceUtils.java:79)
[2019-03-30 22:20:58,586/AEDT][main][INFO]  0. org.apache.servicecomb.config.archaius.sources.ConfigCenterConfigurationSourceImpl. org.apache.servicecomb.foundation.common.utils.SPIServiceUtils.loadSortedService(SPIServiceUtils.java:82)
[2019-03-30 22:20:58,602/AEDT][main][INFO]create local config: org.apache.servicecomb.config.ConfigUtil.createLocalConfig(ConfigUtil.java:114)
[2019-03-30 22:20:58,605/AEDT][main][INFO] jar:file:/Users/dannizhao/.m2/repository/org/apache/servicecomb/java-chassis-core/1.1.0.B036/java-chassis-core-1.1.0.B036.jar!/microservice.yaml. org.apache.servicecomb.config.ConfigUtil.createLocalConfig(ConfigUtil.java:116)
[2019-03-30 22:20:58,605/AEDT][main][INFO] jar:file:/Users/dannizhao/.m2/repository/com/huawei/paas/cse/cse-solution-service-engine/2.3.62/cse-solution-service-engine-2.3.62.jar!/microservice.yaml. org.apache.servicecomb.config.ConfigUtil.createLocalConfig(ConfigUtil.java:116)
[2019-03-30 22:20:58,606/AEDT][main][INFO] file:/Users/dannizhao/Downloads/%e5%b7%a5%e4%bd%9c/21%e5%a4%a9%e8%bd%ac%e5%9e%8b%e5%be%ae%e6%9c%8d%e5%8a%a1%e5%ae%9e%e6%88%98%e8%90%a5/Day9/Demo-Day9/helloworld-consumer/target/classes/microservice.yaml. org.apache.servicecomb.config.ConfigUtil.createLocalConfig(ConfigUtil.java:116)
[2019-03-30 22:20:58,622/AEDT][main][INFO]Found SPI service org.apache.servicecomb.deployment.DeploymentProvider, count=1. org.apache.servicecomb.foundation.common.utils.SPIServiceUtils.loadSortedService(SPIServiceUtils.java:79)
[2019-03-30 22:20:58,622/AEDT][main][INFO]  0. org.apache.servicecomb.deployment.DefaultDeploymentProvider. org.apache.servicecomb.foundation.common.utils.SPIServiceUtils.loadSortedService(SPIServiceUtils.java:82)
[2019-03-30 22:20:59,009/AEDT][main][WARN]keyStore [server.p12] file not exist, please check! org.apache.servicecomb.foundation.vertx.VertxTLSBuilder.buildTCPSSLOptions(VertxTLSBuilder.java:118)
[2019-03-30 22:20:59,009/AEDT][main][WARN]trustStore [trust.jks] file not exist, please check! org.apache.servicecomb.foundation.vertx.VertxTLSBuilder.buildTCPSSLOptions(VertxTLSBuilder.java:138)
[2019-03-30 22:20:59,510/AEDT][config-center-vert.x-eventloop-thread-0][INFO]add network interface name:en0,host address:192.168.1.4 org.apache.servicecomb.foundation.common.net.NetUtils.doGetIpv4AddressFromNetworkInterface(NetUtils.java:118)
[2019-03-30 22:20:59,514/AEDT][config-center-vert.x-eventloop-thread-0][INFO]add host name from localhost:192-168-1-4.tpgi.com.au,host address:192.168.1.4 org.apache.servicecomb.foundation.common.net.NetUtils.doGetHostNameAndHostAddress(NetUtils.java:76)
[2019-03-30 22:20:59,550/AEDT][config-center-vert.x-eventloop-thread-0][INFO]Found SPI service com.huawei.paas.foundation.auth.credentials.AKSKCipher, count=2. org.apache.servicecomb.foundation.common.utils.SPIServiceUtils.loadSortedService(SPIServiceUtils.java:79)
[2019-03-30 22:20:59,550/AEDT][config-center-vert.x-eventloop-thread-0][INFO]  0. com.huawei.paas.foundation.auth.credentials.DefaultAKSKCipher. org.apache.servicecomb.foundation.common.utils.SPIServiceUtils.loadSortedService(SPIServiceUtils.java:82)
[2019-03-30 22:20:59,551/AEDT][config-center-vert.x-eventloop-thread-0][INFO]  1. com.huawei.paas.foundation.auth.credentials.SecurityAKSKCipher. org.apache.servicecomb.foundation.common.utils.SPIServiceUtils.loadSortedService(SPIServiceUtils.java:82)
[2019-03-30 22:20:59,552/AEDT][config-center-vert.x-eventloop-thread-0][INFO]add ak/sk cipher default com.huawei.paas.foundation.auth.credentials.AKSKManager.lambda$static$0(AKSKManager.java:41)
[2019-03-30 22:20:59,553/AEDT][config-center-vert.x-eventloop-thread-0][INFO]add ak/sk cipher security com.huawei.paas.foundation.auth.credentials.AKSKManager.lambda$static$0(AKSKManager.java:41)
[2019-03-30 22:20:59,554/AEDT][config-center-vert.x-eventloop-thread-0][INFO]read ak/sk from microservice.yaml. com.huawei.paas.foundation.auth.credentials.AKSKOption.buildFromYaml(AKSKOption.java:158)
[2019-03-30 22:21:03,643/AEDT][main][INFO]JSR-330 'javax.inject.Inject' annotation found and supported for autowiring org.springframework.beans.factory.annotation.AutowiredAnnotationBeanPostProcessor.<init>(AutowiredAnnotationBeanPostProcessor.java:155)
[2019-03-30 22:21:03,825/AEDT][main][INFO]Found SPI service org.apache.servicecomb.swagger.generator.core.CommonParameterTypeProcessor, count=3. org.apache.servicecomb.foundation.common.utils.SPIServiceUtils.loadSortedService(SPIServiceUtils.java:79)
[2019-03-30 22:21:03,826/AEDT][main][INFO]  0. org.apache.servicecomb.swagger.generator.springmvc.processor.parameter.MultipartFileTypeProcessor. org.apache.servicecomb.foundation.common.utils.SPIServiceUtils.loadSortedService(SPIServiceUtils.java:82)
[2019-03-30 22:21:03,826/AEDT][main][INFO]  1. org.apache.servicecomb.swagger.generator.core.processor.parametertype.HttpServletRequestProcessor. org.apache.servicecomb.foundation.common.utils.SPIServiceUtils.loadSortedService(SPIServiceUtils.java:82)
[2019-03-30 22:21:03,827/AEDT][main][INFO]  2. org.apache.servicecomb.swagger.invocation.generator.InvocationContextProcessor. org.apache.servicecomb.foundation.common.utils.SPIServiceUtils.loadSortedService(SPIServiceUtils.java:82)
[2019-03-30 22:21:03,840/AEDT][main][INFO]Found SPI service org.apache.servicecomb.swagger.generator.core.ResponseTypeProcessor, count=3. org.apache.servicecomb.foundation.common.utils.SPIServiceUtils.loadSortedService(SPIServiceUtils.java:79)
[2019-03-30 22:21:03,840/AEDT][main][INFO]  0. org.apache.servicecomb.swagger.generator.springmvc.processor.response.ResponseEntityProcessor. org.apache.servicecomb.foundation.common.utils.SPIServiceUtils.loadSortedService(SPIServiceUtils.java:82)
[2019-03-30 22:21:03,841/AEDT][main][INFO]  1. org.apache.servicecomb.swagger.generator.core.processor.response.CompletableFutureProcessor. org.apache.servicecomb.foundation.common.utils.SPIServiceUtils.loadSortedService(SPIServiceUtils.java:82)
[2019-03-30 22:21:03,841/AEDT][main][INFO]  2. org.apache.servicecomb.swagger.generator.jaxrs.processor.response.JaxrsResponseProcessor. org.apache.servicecomb.foundation.common.utils.SPIServiceUtils.loadSortedService(SPIServiceUtils.java:82)
[2019-03-30 22:21:03,911/AEDT][main][INFO]Found SPI service org.apache.servicecomb.swagger.generator.core.SwaggerGeneratorContext, count=3. org.apache.servicecomb.foundation.common.utils.SPIServiceUtils.loadSortedService(SPIServiceUtils.java:79)
[2019-03-30 22:21:03,912/AEDT][main][INFO]  0. org.apache.servicecomb.swagger.generator.springmvc.SpringmvcSwaggerGeneratorContext. org.apache.servicecomb.foundation.common.utils.SPIServiceUtils.loadSortedService(SPIServiceUtils.java:82)
[2019-03-30 22:21:03,912/AEDT][main][INFO]  1. org.apache.servicecomb.swagger.generator.jaxrs.JaxrsSwaggerGeneratorContext. org.apache.servicecomb.foundation.common.utils.SPIServiceUtils.loadSortedService(SPIServiceUtils.java:82)
[2019-03-30 22:21:03,913/AEDT][main][INFO]  2. org.apache.servicecomb.swagger.generator.pojo.PojoSwaggerGeneratorContext. org.apache.servicecomb.foundation.common.utils.SPIServiceUtils.loadSortedService(SPIServiceUtils.java:82)
[2019-03-30 22:21:04,044/AEDT][main][INFO]Found SPI service org.apache.servicecomb.swagger.invocation.response.producer.ProducerResponseMapperFactory, count=5. org.apache.servicecomb.foundation.common.utils.SPIServiceUtils.loadSortedService(SPIServiceUtils.java:79)
[2019-03-30 22:21:04,045/AEDT][main][INFO]  0. org.apache.servicecomb.swagger.invocation.springmvc.response.SpringmvcProducerResponseMapperFactory. org.apache.servicecomb.foundation.common.utils.SPIServiceUtils.loadSortedService(SPIServiceUtils.java:82)
[2019-03-30 22:21:04,046/AEDT][main][INFO]  1. org.apache.servicecomb.swagger.invocation.jaxrs.response.JaxrsProducerResponseMapperFactory. org.apache.servicecomb.foundation.common.utils.SPIServiceUtils.loadSortedService(SPIServiceUtils.java:82)
[2019-03-30 22:21:04,048/AEDT][main][INFO]  2. org.apache.servicecomb.swagger.invocation.response.producer.CseResponseProducerResponseMapperFactory. org.apache.servicecomb.foundation.common.utils.SPIServiceUtils.loadSortedService(SPIServiceUtils.java:82)
[2019-03-30 22:21:04,048/AEDT][main][INFO]  3. org.apache.servicecomb.swagger.invocation.response.producer.CompletableFutureProducerResponseMapperFactory. org.apache.servicecomb.foundation.common.utils.SPIServiceUtils.loadSortedService(SPIServiceUtils.java:82)
[2019-03-30 22:21:04,049/AEDT][main][INFO]  4. org.apache.servicecomb.swagger.invocation.response.producer.DefaultProducerResponseMapperFactory. org.apache.servicecomb.foundation.common.utils.SPIServiceUtils.loadSortedService(SPIServiceUtils.java:82)
[2019-03-30 22:21:04,073/AEDT][main][INFO]Found SPI service org.apache.servicecomb.swagger.invocation.response.consumer.ConsumerResponseMapperFactory, count=5. org.apache.servicecomb.foundation.common.utils.SPIServiceUtils.loadSortedService(SPIServiceUtils.java:79)
[2019-03-30 22:21:04,075/AEDT][main][INFO]  0. org.apache.servicecomb.swagger.invocation.springmvc.response.SpringmvcConsumerResponseMapperFactory. org.apache.servicecomb.foundation.common.utils.SPIServiceUtils.loadSortedService(SPIServiceUtils.java:82)
[2019-03-30 22:21:04,077/AEDT][main][INFO]  1. org.apache.servicecomb.swagger.invocation.jaxrs.response.JaxrsConsumerResponseMapperFactory. org.apache.servicecomb.foundation.common.utils.SPIServiceUtils.loadSortedService(SPIServiceUtils.java:82)
[2019-03-30 22:21:04,077/AEDT][main][INFO]  2. org.apache.servicecomb.swagger.invocation.response.consumer.CseResponseConsumerResponseMapperFactory. org.apache.servicecomb.foundation.common.utils.SPIServiceUtils.loadSortedService(SPIServiceUtils.java:82)
[2019-03-30 22:21:04,078/AEDT][main][INFO]  3. org.apache.servicecomb.swagger.invocation.response.consumer.CompletableFutureConsumerResponseMapperFactory. org.apache.servicecomb.foundation.common.utils.SPIServiceUtils.loadSortedService(SPIServiceUtils.java:82)
[2019-03-30 22:21:04,078/AEDT][main][INFO]  4. org.apache.servicecomb.swagger.invocation.response.consumer.DefaultConsumerResponseMapperFactory. org.apache.servicecomb.foundation.common.utils.SPIServiceUtils.loadSortedService(SPIServiceUtils.java:82)
[2019-03-30 22:21:04,548/AEDT][main][INFO]load microservice config, name=consumer, paths=[jar:file:/Users/dannizhao/.m2/repository/org/apache/servicecomb/java-chassis-core/1.1.0.B036/java-chassis-core-1.1.0.B036.jar!/microservice.yaml, jar:file:/Users/dannizhao/.m2/repository/com/huawei/paas/cse/cse-solution-service-engine/2.3.62/cse-solution-service-engine-2.3.62.jar!/microservice.yaml, file:/Users/dannizhao/Downloads/%e5%b7%a5%e4%bd%9c/21%e5%a4%a9%e8%bd%ac%e5%9e%8b%e5%be%ae%e6%9c%8d%e5%8a%a1%e5%ae%9e%e6%88%98%e8%90%a5/Day9/Demo-Day9/helloworld-consumer/target/classes/microservice.yaml] org.apache.servicecomb.serviceregistry.definition.MicroserviceDefinition.logConfigPath(MicroserviceDefinition.java:142)
[2019-03-30 22:21:04,564/AEDT][main][INFO]It is running in the normal mode, a separated service registry is required org.apache.servicecomb.serviceregistry.registry.ServiceRegistryFactory.create(ServiceRegistryFactory.java:81)
[2019-03-30 22:21:04,599/AEDT][main][INFO]Found SPI service org.apache.servicecomb.serviceregistry.registry.ServiceRegistryTaskInitializer, count=1. org.apache.servicecomb.foundation.common.utils.SPIServiceUtils.loadSortedService(SPIServiceUtils.java:79)
[2019-03-30 22:21:04,600/AEDT][main][INFO]  0. org.apache.servicecomb.serviceregistry.diagnosis.instance.InstanceCacheCheckTask. org.apache.servicecomb.foundation.common.utils.SPIServiceUtils.loadSortedService(SPIServiceUtils.java:82)
[2019-03-30 22:21:04,607/AEDT][main][INFO]microserviceVersionFactory is org.apache.servicecomb.core.definition.PrivateMicroserviceVersionMetaFactory. org.apache.servicecomb.serviceregistry.registry.AbstractServiceRegistry.initAppManager(AbstractServiceRegistry.java:125)
[2019-03-30 22:21:04,653/AEDT][main][INFO]executor group 2, thread per group 4. org.apache.servicecomb.core.executor.FixedThreadExecutor.<init>(FixedThreadExecutor.java:56)
[2019-03-30 22:21:04,910/AEDT][main][INFO]Found SPI service org.apache.servicecomb.core.BootListener, count=0. org.apache.servicecomb.foundation.common.utils.SPIServiceUtils.loadSortedService(SPIServiceUtils.java:79)
[2019-03-30 22:21:05,138/AEDT][main][INFO]Loaded properties file jar:file:/Users/dannizhao/.m2/repository/org/apache/servicecomb/handler-bizkeeper/1.1.0.B036/handler-bizkeeper-1.1.0.B036.jar!/hystrix-plugins.properties com.netflix.config.util.ConfigurationUtils.getConfigFromPropertiesFile(ConfigurationUtils.java:183)
[2019-03-30 22:21:05,169/AEDT][main][INFO]select [org.apache.servicecomb.swagger.generator.jaxrs.JaxrsSwaggerGeneratorContext] for [microservice.demo.training21days.consumer.service.HelloConsumerService] to generate schema. org.apache.servicecomb.swagger.generator.core.CompositeSwaggerGeneratorContext.lambda$selectContext$0(CompositeSwaggerGeneratorContext.java:61)
[2019-03-30 22:21:05,190/AEDT][main][INFO]Found SPI service org.apache.servicecomb.swagger.extend.property.creator.PropertyCreator, count=1. org.apache.servicecomb.foundation.common.utils.SPIServiceUtils.loadSortedService(SPIServiceUtils.java:79)
[2019-03-30 22:21:05,191/AEDT][main][INFO]  0. org.apache.servicecomb.swagger.extend.property.creator.springmvc.MultipartFilePropertyCreator. org.apache.servicecomb.foundation.common.utils.SPIServiceUtils.loadSortedService(SPIServiceUtils.java:82)
[2019-03-30 22:21:05,384/AEDT][main][INFO]generate swagger for Training21Days-HelloWorld/consumer/helloConsumer, swagger: ---
swagger: "2.0"
info:
  version: "1.0.0"
  title: "swagger definition for microservice.demo.training21days.consumer.service.HelloConsumerService"
  x-java-interface: "cse.gen.Training21Days_HelloWorld.consumer.helloConsumer.HelloConsumerServiceIntf"
basePath: "/consumer/v0"
consumes:
- "application/json"
produces:
- "application/json"
paths:
  /greeting:
    post:
      operationId: "greeting"
      parameters:
      - in: "body"
        name: "person"
        required: false
        schema:
          $ref: "#/definitions/Person"
      responses:
        200:
          description: "response of 200"
          schema:
            $ref: "#/definitions/GreetingResponse"
  /hello:
    get:
      operationId: "sayHello"
      parameters:
      - name: "name"
        in: "query"
        required: false
        type: "string"
      responses:
        200:
          description: "response of 200"
          schema:
            type: "string"
  /helloRT:
    get:
      operationId: "sayHelloRestTemplate"
      parameters:
      - name: "name"
        in: "query"
        required: false
        type: "string"
      responses:
        200:
          description: "response of 200"
          schema:
            type: "string"
definitions:
  Person:
    type: "object"
    properties:
      name:
        type: "string"
      gender:
        type: "string"
        enum:
        - "MALE"
        - "FEMALE"
        x-java-class: "microservice.demo.training21days.provider.service.Gender"
    x-java-class: "microservice.demo.training21days.provider.service.Person"
  GreetingResponse:
    type: "object"
    properties:
      msg:
        type: "string"
      timestamp:
        type: "string"
        format: "date-time"
    x-java-class: "microservice.demo.training21days.provider.service.GreetingResponse"
 org.apache.servicecomb.core.definition.schema.ProducerSchemaFactory.createSchema(ProducerSchemaFactory.java:118)
[2019-03-30 22:21:05,385/AEDT][main][INFO]register schema Training21Days-HelloWorld/consumer/helloConsumer org.apache.servicecomb.core.definition.loader.SchemaLoader.registerSchema(SchemaLoader.java:83)
[2019-03-30 22:21:05,536/AEDT][main][INFO]create CtClass cse.gen.Training21Days_HelloWorld.consumer.helloConsumer.HelloConsumerServiceIntf in classLoader sun.misc.Launcher$AppClassLoader@2a139a55. org.apache.servicecomb.common.javassist.JavassistUtils.createCtClass(JavassistUtils.java:185)
[2019-03-30 22:21:05,540/AEDT][main][INFO]create class cse.gen.Training21Days_HelloWorld.consumer.helloConsumer.HelloConsumerServiceIntf in classLoader sun.misc.Launcher$AppClassLoader@2a139a55. org.apache.servicecomb.common.javassist.JavassistUtils.createClass(JavassistUtils.java:217)
[2019-03-30 22:21:05,544/AEDT][main][INFO]Found SPI service org.apache.servicecomb.swagger.invocation.response.ResponseMetaMapper, count=0. org.apache.servicecomb.foundation.common.utils.SPIServiceUtils.loadSortedService(SPIServiceUtils.java:79)
[2019-03-30 22:21:05,544/AEDT][main][INFO]Can not find SPI service for org.apache.servicecomb.swagger.invocation.response.ResponseMetaMapper org.apache.servicecomb.foundation.common.utils.SPIServiceUtils.getPriorityHighestService(SPIServiceUtils.java:128)
[2019-03-30 22:21:05,569/AEDT][main][INFO]Found SPI service org.apache.servicecomb.serviceregistry.discovery.DiscoveryFilter, count=5. org.apache.servicecomb.foundation.common.utils.SPIServiceUtils.loadSortedService(SPIServiceUtils.java:79)
[2019-03-30 22:21:05,569/AEDT][main][INFO]  0. org.apache.servicecomb.serviceregistry.discovery.InstanceStatusDiscoveryFilter. org.apache.servicecomb.foundation.common.utils.SPIServiceUtils.loadSortedService(SPIServiceUtils.java:82)
[2019-03-30 22:21:05,570/AEDT][main][INFO]  1. org.apache.servicecomb.core.filter.OperationInstancesDiscoveryFilter. org.apache.servicecomb.foundation.common.utils.SPIServiceUtils.loadSortedService(SPIServiceUtils.java:82)
[2019-03-30 22:21:05,570/AEDT][main][INFO]  2. org.apache.servicecomb.loadbalance.filter.ZoneAwareDiscoveryFilter. org.apache.servicecomb.foundation.common.utils.SPIServiceUtils.loadSortedService(SPIServiceUtils.java:82)
[2019-03-30 22:21:05,571/AEDT][main][INFO]  3. org.apache.servicecomb.loadbalance.filter.InstancePropertyDiscoveryFilter. org.apache.servicecomb.foundation.common.utils.SPIServiceUtils.loadSortedService(SPIServiceUtils.java:82)
[2019-03-30 22:21:05,571/AEDT][main][INFO]  4. org.apache.servicecomb.loadbalance.filter.IsolationDiscoveryFilter. org.apache.servicecomb.foundation.common.utils.SPIServiceUtils.loadSortedService(SPIServiceUtils.java:82)
[2019-03-30 22:21:05,575/AEDT][main][INFO]DiscoveryFilter org.apache.servicecomb.serviceregistry.discovery.InstanceStatusDiscoveryFilter, enabled true. org.apache.servicecomb.serviceregistry.discovery.DiscoveryTree.sort(DiscoveryTree.java:104)
[2019-03-30 22:21:05,577/AEDT][main][INFO]DiscoveryFilter org.apache.servicecomb.core.filter.OperationInstancesDiscoveryFilter, enabled true. org.apache.servicecomb.serviceregistry.discovery.DiscoveryTree.sort(DiscoveryTree.java:104)
[2019-03-30 22:21:05,577/AEDT][main][INFO]DiscoveryFilter org.apache.servicecomb.loadbalance.filter.ZoneAwareDiscoveryFilter, enabled true. org.apache.servicecomb.serviceregistry.discovery.DiscoveryTree.sort(DiscoveryTree.java:104)
[2019-03-30 22:21:05,578/AEDT][main][INFO]DiscoveryFilter org.apache.servicecomb.loadbalance.filter.InstancePropertyDiscoveryFilter, enabled true. org.apache.servicecomb.serviceregistry.discovery.DiscoveryTree.sort(DiscoveryTree.java:104)
[2019-03-30 22:21:05,578/AEDT][main][INFO]DiscoveryFilter org.apache.servicecomb.loadbalance.filter.IsolationDiscoveryFilter, enabled true. org.apache.servicecomb.serviceregistry.discovery.DiscoveryTree.sort(DiscoveryTree.java:104)
[2019-03-30 22:21:05,579/AEDT][main][INFO]DiscoveryFilter org.apache.servicecomb.loadbalance.filter.ServerDiscoveryFilter, enabled true. org.apache.servicecomb.serviceregistry.discovery.DiscoveryTree.sort(DiscoveryTree.java:104)
[2019-03-30 22:21:05,588/AEDT][main][INFO]Found SPI service org.apache.servicecomb.faultinjection.Fault, count=2. org.apache.servicecomb.foundation.common.utils.SPIServiceUtils.loadSortedService(SPIServiceUtils.java:79)
[2019-03-30 22:21:05,588/AEDT][main][INFO]  0. org.apache.servicecomb.faultinjection.DelayFault. org.apache.servicecomb.foundation.common.utils.SPIServiceUtils.loadSortedService(SPIServiceUtils.java:82)
[2019-03-30 22:21:05,589/AEDT][main][INFO]  1. org.apache.servicecomb.faultinjection.AbortFault. org.apache.servicecomb.foundation.common.utils.SPIServiceUtils.loadSortedService(SPIServiceUtils.java:82)
[2019-03-30 22:21:05,621/AEDT][main][INFO]Found SPI service org.apache.servicecomb.swagger.invocation.extension.ProducerInvokeExtension, count=1. org.apache.servicecomb.foundation.common.utils.SPIServiceUtils.loadSortedService(SPIServiceUtils.java:79)
[2019-03-30 22:21:05,621/AEDT][main][INFO]  0. org.apache.servicecomb.swagger.invocation.validator.ParameterValidator. org.apache.servicecomb.foundation.common.utils.SPIServiceUtils.loadSortedService(SPIServiceUtils.java:82)
[2019-03-30 22:21:05,640/AEDT][main][WARN]address /0.0.0.0:9090, auto select a host address to publish 192.168.1.4:9090, maybe not the correct one org.apache.servicecomb.serviceregistry.RegistryUtils.genPublishIpPort(RegistryUtils.java:183)
[2019-03-30 22:21:05,650/AEDT][main][INFO]choose org.apache.servicecomb.transport.rest.vertx.VertxRestTransport for rest. org.apache.servicecomb.core.transport.TransportManager.chooseOneTransport(TransportManager.java:84)
[2019-03-30 22:21:05,651/AEDT][main][INFO]choose org.apache.servicecomb.transport.highway.HighwayTransport for highway. org.apache.servicecomb.core.transport.TransportManager.chooseOneTransport(TransportManager.java:84)
[2019-03-30 22:21:05,664/AEDT][main][INFO]Found SPI service org.apache.servicecomb.common.rest.filter.HttpClientFilter, count=3. org.apache.servicecomb.foundation.common.utils.SPIServiceUtils.loadSortedService(SPIServiceUtils.java:79)
[2019-03-30 22:21:05,665/AEDT][main][INFO]  0. org.apache.servicecomb.provider.springmvc.reference.RestTemplateCopyHeaderFilter. org.apache.servicecomb.foundation.common.utils.SPIServiceUtils.loadSortedService(SPIServiceUtils.java:82)
[2019-03-30 22:21:05,665/AEDT][main][INFO]  1. org.apache.servicecomb.common.rest.filter.inner.ClientRestArgsFilter. org.apache.servicecomb.foundation.common.utils.SPIServiceUtils.loadSortedService(SPIServiceUtils.java:82)
[2019-03-30 22:21:05,665/AEDT][main][INFO]  2. org.apache.servicecomb.transport.rest.client.http.DefaultHttpClientFilter. org.apache.servicecomb.foundation.common.utils.SPIServiceUtils.loadSortedService(SPIServiceUtils.java:82)
[2019-03-30 22:21:05,668/AEDT][main][WARN]keyStore [server.p12] file not exist, please check! org.apache.servicecomb.foundation.vertx.VertxTLSBuilder.buildTCPSSLOptions(VertxTLSBuilder.java:118)
[2019-03-30 22:21:05,669/AEDT][main][WARN]trustStore [trust.jks] file not exist, please check! org.apache.servicecomb.foundation.vertx.VertxTLSBuilder.buildTCPSSLOptions(VertxTLSBuilder.java:138)
[2019-03-30 22:21:05,670/AEDT][main][WARN]keyStore [server.p12] file not exist, please check! org.apache.servicecomb.foundation.vertx.VertxTLSBuilder.buildTCPSSLOptions(VertxTLSBuilder.java:118)
[2019-03-30 22:21:05,670/AEDT][main][WARN]trustStore [trust.jks] file not exist, please check! org.apache.servicecomb.foundation.vertx.VertxTLSBuilder.buildTCPSSLOptions(VertxTLSBuilder.java:138)
[2019-03-30 22:21:06,045/AEDT][transport-vert.x-eventloop-thread-4][INFO]Found SPI service org.apache.servicecomb.transport.rest.vertx.GlobalRestFailureHandler, count=0. org.apache.servicecomb.foundation.common.utils.SPIServiceUtils.loadSortedService(SPIServiceUtils.java:79)
[2019-03-30 22:21:06,046/AEDT][transport-vert.x-eventloop-thread-4][INFO]Can not find SPI service for org.apache.servicecomb.transport.rest.vertx.GlobalRestFailureHandler org.apache.servicecomb.foundation.common.utils.SPIServiceUtils.getPriorityHighestService(SPIServiceUtils.java:128)
[2019-03-30 22:21:06,051/AEDT][transport-vert.x-eventloop-thread-4][INFO]access log enabled, pattern = %h - - %t cs-uri %s %B %D %SCB-traceId org.apache.servicecomb.transport.rest.vertx.RestServerVerticle.mountAccessLogHandler(RestServerVerticle.java:164)
[2019-03-30 22:21:06,079/AEDT][transport-vert.x-eventloop-thread-4][INFO]Found SPI service org.apache.servicecomb.transport.rest.vertx.accesslog.parser.VertxRestAccessLogItemMeta, count=1. org.apache.servicecomb.foundation.common.utils.SPIServiceUtils.loadSortedService(SPIServiceUtils.java:79)
[2019-03-30 22:21:06,080/AEDT][transport-vert.x-eventloop-thread-4][INFO]  0. org.apache.servicecomb.transport.rest.vertx.accesslog.parser.impl.DefaultCompositeVertxRestAccessLogItemMeta. org.apache.servicecomb.foundation.common.utils.SPIServiceUtils.loadSortedService(SPIServiceUtils.java:82)
[2019-03-30 22:21:06,083/AEDT][transport-vert.x-eventloop-thread-4][INFO]parse the pattern of access log: [%h - - %t cs-uri %s %B %D %SCB-traceId] org.apache.servicecomb.transport.rest.vertx.accesslog.parser.impl.VertxRestAccessLogPatternParser.parsePattern(VertxRestAccessLogPatternParser.java:150)
[2019-03-30 22:21:06,096/AEDT][transport-vert.x-eventloop-thread-4][INFO]Found SPI service org.apache.servicecomb.common.rest.filter.HttpServerFilter, count=1. org.apache.servicecomb.foundation.common.utils.SPIServiceUtils.loadSortedService(SPIServiceUtils.java:79)
[2019-03-30 22:21:06,097/AEDT][transport-vert.x-eventloop-thread-4][INFO]  0. org.apache.servicecomb.common.rest.filter.inner.ServerRestArgsFilter. org.apache.servicecomb.foundation.common.utils.SPIServiceUtils.loadSortedService(SPIServiceUtils.java:82)
[2019-03-30 22:21:06,099/AEDT][transport-vert.x-eventloop-thread-4][INFO]Found SPI service org.apache.servicecomb.transport.rest.vertx.VertxHttpDispatcher, count=1. org.apache.servicecomb.foundation.common.utils.SPIServiceUtils.loadSortedService(SPIServiceUtils.java:79)
[2019-03-30 22:21:06,099/AEDT][transport-vert.x-eventloop-thread-4][INFO]  0. org.apache.servicecomb.transport.rest.vertx.VertxRestDispatcher. org.apache.servicecomb.foundation.common.utils.SPIServiceUtils.loadSortedService(SPIServiceUtils.java:82)
[2019-03-30 22:21:06,107/AEDT][transport-vert.x-eventloop-thread-4][INFO]servicecomb.uploads.directory is null, not support upload. org.apache.servicecomb.common.rest.UploadConfig.toMultipartConfigElement(UploadConfig.java:92)
[2019-03-30 22:21:06,152/AEDT][transport-vert.x-eventloop-thread-4][INFO]rest listen success. address=0.0.0.0:9090 org.apache.servicecomb.transport.rest.vertx.RestServerVerticle.lambda$startListen$3(RestServerVerticle.java:218)
[2019-03-30 22:21:06,153/AEDT][main][INFO]endpoint to publish: rest://192.168.1.4:9090 org.apache.servicecomb.core.transport.TransportManager.init(TransportManager.java:58)
[2019-03-30 22:21:06,155/AEDT][main][WARN]keyStore [server.p12] file not exist, please check! org.apache.servicecomb.foundation.vertx.VertxTLSBuilder.buildTCPSSLOptions(VertxTLSBuilder.java:118)
[2019-03-30 22:21:06,156/AEDT][main][WARN]trustStore [trust.jks] file not exist, please check! org.apache.servicecomb.foundation.vertx.VertxTLSBuilder.buildTCPSSLOptions(VertxTLSBuilder.java:138)
[2019-03-30 22:21:06,156/AEDT][main][WARN]keyStore [server.p12] file not exist, please check! org.apache.servicecomb.foundation.vertx.VertxTLSBuilder.buildTCPSSLOptions(VertxTLSBuilder.java:118)
[2019-03-30 22:21:06,157/AEDT][main][WARN]trustStore [trust.jks] file not exist, please check! org.apache.servicecomb.foundation.vertx.VertxTLSBuilder.buildTCPSSLOptions(VertxTLSBuilder.java:138)
[2019-03-30 22:21:06,172/AEDT][transport-vert.x-eventloop-thread-0][WARN]highway listen address is not configured, will not listen. org.apache.servicecomb.transport.highway.HighwayServerVerticle.startListen(HighwayServerVerticle.java:65)
[2019-03-30 22:21:06,179/AEDT][main][INFO]Found SPI service org.apache.servicecomb.common.rest.codec.produce.ProduceProcessor, count=2. org.apache.servicecomb.foundation.common.utils.SPIServiceUtils.loadSortedService(SPIServiceUtils.java:79)
[2019-03-30 22:21:06,180/AEDT][main][INFO]  0. org.apache.servicecomb.common.rest.codec.produce.ProduceJsonProcessor. org.apache.servicecomb.foundation.common.utils.SPIServiceUtils.loadSortedService(SPIServiceUtils.java:82)
[2019-03-30 22:21:06,180/AEDT][main][INFO]  1. org.apache.servicecomb.common.rest.codec.produce.ProduceTextPlainProcessor. org.apache.servicecomb.foundation.common.utils.SPIServiceUtils.loadSortedService(SPIServiceUtils.java:82)
[2019-03-30 22:21:06,211/AEDT][main][INFO]add schema to service paths. Training21Days-HelloWorld:consumer:helloConsumer. org.apache.servicecomb.common.rest.locator.ServicePathManager.addSchema(ServicePathManager.java:91)
[2019-03-30 22:21:06,217/AEDT][main][INFO]Swagger mapped "{[/consumer/v0/helloRT/], method=[GET], produces=[application/json]}" onto public abstract java.lang.String cse.gen.Training21Days_HelloWorld.consumer.helloConsumer.HelloConsumerServiceIntf.sayHelloRestTemplate(java.lang.String) org.apache.servicecomb.common.rest.locator.MicroservicePaths.printPath(MicroservicePaths.java:103)
[2019-03-30 22:21:06,218/AEDT][main][INFO]Swagger mapped "{[/consumer/v0/hello/], method=[GET], produces=[application/json]}" onto public abstract java.lang.String cse.gen.Training21Days_HelloWorld.consumer.helloConsumer.HelloConsumerServiceIntf.sayHello(java.lang.String) org.apache.servicecomb.common.rest.locator.MicroservicePaths.printPath(MicroservicePaths.java:103)
[2019-03-30 22:21:06,219/AEDT][main][INFO]Swagger mapped "{[/consumer/v0/greeting/], method=[POST], produces=[application/json]}" onto public abstract microservice.demo.training21days.provider.service.GreetingResponse cse.gen.Training21Days_HelloWorld.consumer.helloConsumer.HelloConsumerServiceIntf.greeting(microservice.demo.training21days.provider.service.Person) org.apache.servicecomb.common.rest.locator.MicroservicePaths.printPath(MicroservicePaths.java:103)
[2019-03-30 22:21:06,987/AEDT][main][WARN]Failed to create lambda for method: public void org.apache.servicecomb.core.SCBEngine$1.afterRegistryInstance(org.apache.servicecomb.serviceregistry.task.MicroserviceInstanceRegisterTask), fallback to reflect. org.apache.servicecomb.foundation.common.event.SimpleSubscriber.<init>(SimpleSubscriber.java:48)
[2019-03-30 22:21:06,994/AEDT][main][INFO]running microservice register task. org.apache.servicecomb.serviceregistry.task.MicroserviceRegisterTask.doRegister(MicroserviceRegisterTask.java:75)
[2019-03-30 22:21:07,026/AEDT][main][WARN]keyStore [server.p12] file not exist, please check! org.apache.servicecomb.foundation.vertx.VertxTLSBuilder.buildTCPSSLOptions(VertxTLSBuilder.java:118)
[2019-03-30 22:21:07,026/AEDT][main][WARN]trustStore [trust.jks] file not exist, please check! org.apache.servicecomb.foundation.vertx.VertxTLSBuilder.buildTCPSSLOptions(VertxTLSBuilder.java:138)
[2019-03-30 22:21:10,785/AEDT][main][INFO]Microservice exists in service center, no need to register. id=[8af8997795d55faab82872467e6a9f7cd49a1d1c] appId=[Training21Days-HelloWorld], name=[consumer], version=[0.0.1], env=[] org.apache.servicecomb.serviceregistry.task.MicroserviceRegisterTask.doRegister(MicroserviceRegisterTask.java:83)
[2019-03-30 22:21:11,589/AEDT][main][INFO]SchemaIds are equals to service center. serviceId=[8af8997795d55faab82872467e6a9f7cd49a1d1c], appId=[Training21Days-HelloWorld], name=[consumer], version=[0.0.1], env=[], schemaIds=[helloConsumer] org.apache.servicecomb.serviceregistry.task.MicroserviceRegisterTask.checkSchemaIdSet(MicroserviceRegisterTask.java:149)
[2019-03-30 22:21:12,105/AEDT][main][INFO]schemaId [helloConsumer] exists [true], summary exists [true] org.apache.servicecomb.serviceregistry.task.MicroserviceRegisterTask.registerSchema(MicroserviceRegisterTask.java:194)
[2019-03-30 22:21:12,116/AEDT][main][INFO]read MicroserviceRegisterTask status is FINISHED org.apache.servicecomb.serviceregistry.task.ServiceCenterTask.onRegisterTask(ServiceCenterTask.java:51)
[2019-03-30 22:21:12,117/AEDT][main][INFO]running microservice instance register task. org.apache.servicecomb.serviceregistry.task.MicroserviceInstanceRegisterTask.doRegister(MicroserviceInstanceRegisterTask.java:59)
[2019-03-30 22:21:12,560/AEDT][main][INFO]Register microservice instance success. microserviceId=8af8997795d55faab82872467e6a9f7cd49a1d1c instanceId=ecc96e5152dd11e9922c0255ac10556c endpoints=[rest://192.168.1.4:9090] lease 120s org.apache.servicecomb.serviceregistry.task.MicroserviceInstanceRegisterTask.doRegister(MicroserviceInstanceRegisterTask.java:77)
[2019-03-30 22:21:12,561/AEDT][main][INFO]read MicroserviceInstanceRegisterTask status is FINISHED org.apache.servicecomb.serviceregistry.task.ServiceCenterTask.onRegisterTask(ServiceCenterTask.java:51)
[2019-03-30 22:21:12,562/AEDT][main][INFO]receive MicroserviceInstanceRegisterTask event, check instance Id... org.apache.servicecomb.core.SCBEngine$1.afterRegistryInstance(SCBEngine.java:182)
[2019-03-30 22:21:12,563/AEDT][main][INFO]instance registry succeeds for the first time, will send AFTER_REGISTRY event. org.apache.servicecomb.core.SCBEngine$1.afterRegistryInstance(SCBEngine.java:184)
[2019-03-30 22:21:12,569/AEDT][main][WARN]keyStore [server.p12] file not exist, please check! org.apache.servicecomb.foundation.vertx.VertxTLSBuilder.buildTCPSSLOptions(VertxTLSBuilder.java:118)
[2019-03-30 22:21:12,570/AEDT][main][WARN]trustStore [trust.jks] file not exist, please check! org.apache.servicecomb.foundation.vertx.VertxTLSBuilder.buildTCPSSLOptions(VertxTLSBuilder.java:138)
[2019-03-30 22:21:12,573/AEDT][main][INFO]Monitor data sender started. Configured data providers is {com.huawei.paas.monitor.HealthMonitorDataProvider,} com.huawei.paas.monitor.DataFactory.start(DataFactory.java:62)
[2019-03-30 22:21:12,574/AEDT][main][INFO]ServiceComb is ready. org.apache.servicecomb.core.SCBEngine$1.afterRegistryInstance(SCBEngine.java:188)
[2019-03-30 22:21:13,029/AEDT][main][INFO]Waiting for status up. timeout: 10000ms org.apache.servicecomb.core.SCBEngine.waitStatusUp(SCBEngine.java:362)
[2019-03-30 22:21:13,031/AEDT][main][INFO]Status already changed to up. org.apache.servicecomb.core.SCBEngine.waitStatusUp(SCBEngine.java:371)
[2019-03-30 22:21:43,022/AEDT][Service Center Task [java.util.concurrent.ThreadPoolExecutor$Worker@2ff30a75[State = -1, empty queue][32]]][INFO]sc task interval changed from -1 to 30 org.apache.servicecomb.serviceregistry.task.ServiceCenterTaskMonitor.beginCycle(ServiceCenterTaskMonitor.java:39)
[2019-03-30 22:22:13,542/AEDT][transport-vert.x-eventloop-thread-4][INFO]Found SPI service javax.ws.rs.core.Response$StatusType, count=0. org.apache.servicecomb.foundation.common.utils.SPIServiceUtils.loadSortedService(SPIServiceUtils.java:79)
[2019-03-30 22:22:13,547/AEDT][transport-vert.x-eventloop-thread-4][INFO]Found SPI service org.apache.servicecomb.core.tracing.TraceIdGenerator, count=1. org.apache.servicecomb.foundation.common.utils.SPIServiceUtils.loadSortedService(SPIServiceUtils.java:79)
[2019-03-30 22:22:13,548/AEDT][transport-vert.x-eventloop-thread-4][INFO]  0. org.apache.servicecomb.core.tracing.BraveTraceIdGenerator. org.apache.servicecomb.foundation.common.utils.SPIServiceUtils.loadSortedService(SPIServiceUtils.java:82)
[2019-03-30 22:22:13,569/AEDT][transport-vert.x-eventloop-thread-4][INFO]Create qpsController, configKey = [edge] org.apache.servicecomb.qps.QpsControllerManager.createQpsControllerIfNotExist(QpsControllerManager.java:125)
[2019-03-30 22:22:13,571/AEDT][transport-vert.x-eventloop-thread-4][INFO]Create qpsController, configKey = [edge.helloConsumer] org.apache.servicecomb.qps.QpsControllerManager.createQpsControllerIfNotExist(QpsControllerManager.java:125)
[2019-03-30 22:22:13,571/AEDT][transport-vert.x-eventloop-thread-4][INFO]Create qpsController, configKey = [edge.helloConsumer.sayHello] org.apache.servicecomb.qps.QpsControllerManager.createQpsControllerIfNotExist(QpsControllerManager.java:125)
[2019-03-30 22:22:13,928/AEDT][pool-2-thread-1][INFO]HV000001: Hibernate Validator 6.0.2.Final org.hibernate.validator.internal.util.Version.<clinit>(Version.java:21)
[2019-03-30 22:22:14,254/AEDT][pool-2-thread-1][WARN]Failed to create lambda for method: private void org.apache.servicecomb.serviceregistry.consumer.MicroserviceManager.onMicroserviceNotExistEvent(org.apache.servicecomb.serviceregistry.task.event.MicroserviceNotExistEvent), fallback to reflect. org.apache.servicecomb.foundation.common.event.SimpleSubscriber.<init>(SimpleSubscriber.java:48)
[2019-03-30 22:22:14,256/AEDT][pool-2-thread-1][INFO]create MicroserviceVersions, appId=Training21Days-HelloWorld, microserviceName=provider. org.apache.servicecomb.serviceregistry.consumer.MicroserviceVersions.<init>(MicroserviceVersions.java:83)
[2019-03-30 22:22:14,780/AEDT][pool-2-thread-1][INFO]find instances[1] from service center success. service=Training21Days-HelloWorld/provider/0.0.0+, old revision=null, new revision=c39da7183a58a7253d8d51887283820462b622ef org.apache.servicecomb.serviceregistry.registry.AbstractServiceRegistry.findServiceInstances(AbstractServiceRegistry.java:260)
[2019-03-30 22:22:14,781/AEDT][pool-2-thread-1][INFO]service id=60b05eed142fd98103075ebb2c0c5269a5e94979, instance id=d308019552dd11e9b17b0255ac105166, endpoints=[rest://192.168.1.4:8080] org.apache.servicecomb.serviceregistry.registry.AbstractServiceRegistry.findServiceInstances(AbstractServiceRegistry.java:268)
[2019-03-30 22:22:15,251/AEDT][pool-2-thread-1][INFO]create classloader for microservice Training21Days-HelloWorld:provider:0.0.2. org.apache.servicecomb.core.definition.classloader.MicroserviceClassLoader.<init>(MicroserviceClassLoader.java:41)
[2019-03-30 22:22:15,759/AEDT][pool-2-thread-1][INFO]load schema from service center, microservice=Training21Days-HelloWorld:provider:0.0.2, schemaId=hello, result=true org.apache.servicecomb.core.definition.schema.ConsumerSchemaFactory.loadSwagger(ConsumerSchemaFactory.java:73)
[2019-03-30 22:22:15,833/AEDT][pool-2-thread-1][INFO]register schema Training21Days-HelloWorld/provider/hello org.apache.servicecomb.core.definition.loader.SchemaLoader.registerSchema(SchemaLoader.java:83)
[2019-03-30 22:22:15,849/AEDT][pool-2-thread-1][INFO]create CtClass cse.gen.Training21Days_HelloWorld.provider.hello.HelloServiceIntf in classLoader MicroserviceClassLoader Training21Days-HelloWorld:provider:0.0.2. org.apache.servicecomb.common.javassist.JavassistUtils.createCtClass(JavassistUtils.java:185)
[2019-03-30 22:22:15,850/AEDT][pool-2-thread-1][INFO]create class cse.gen.Training21Days_HelloWorld.provider.hello.HelloServiceIntf in classLoader MicroserviceClassLoader Training21Days-HelloWorld:provider:0.0.2. org.apache.servicecomb.common.javassist.JavassistUtils.createClass(JavassistUtils.java:217)
[2019-03-30 22:22:15,852/AEDT][pool-2-thread-1][INFO]DiscoveryFilter org.apache.servicecomb.serviceregistry.discovery.InstanceStatusDiscoveryFilter, enabled true. org.apache.servicecomb.serviceregistry.discovery.DiscoveryTree.sort(DiscoveryTree.java:104)
[2019-03-30 22:22:15,853/AEDT][pool-2-thread-1][INFO]DiscoveryFilter org.apache.servicecomb.core.filter.OperationInstancesDiscoveryFilter, enabled true. org.apache.servicecomb.serviceregistry.discovery.DiscoveryTree.sort(DiscoveryTree.java:104)
[2019-03-30 22:22:15,853/AEDT][pool-2-thread-1][INFO]DiscoveryFilter org.apache.servicecomb.loadbalance.filter.ZoneAwareDiscoveryFilter, enabled true. org.apache.servicecomb.serviceregistry.discovery.DiscoveryTree.sort(DiscoveryTree.java:104)
[2019-03-30 22:22:15,854/AEDT][pool-2-thread-1][INFO]DiscoveryFilter org.apache.servicecomb.loadbalance.filter.InstancePropertyDiscoveryFilter, enabled true. org.apache.servicecomb.serviceregistry.discovery.DiscoveryTree.sort(DiscoveryTree.java:104)
[2019-03-30 22:22:15,855/AEDT][pool-2-thread-1][INFO]DiscoveryFilter org.apache.servicecomb.loadbalance.filter.IsolationDiscoveryFilter, enabled true. org.apache.servicecomb.serviceregistry.discovery.DiscoveryTree.sort(DiscoveryTree.java:104)
[2019-03-30 22:22:15,855/AEDT][pool-2-thread-1][INFO]DiscoveryFilter org.apache.servicecomb.loadbalance.filter.ServerDiscoveryFilter, enabled true. org.apache.servicecomb.serviceregistry.discovery.DiscoveryTree.sort(DiscoveryTree.java:104)
[2019-03-30 22:22:15,856/AEDT][pool-2-thread-1][INFO]Loading schema for service 60b05eed142fd98103075ebb2c0c5269a5e94979 token 604 org.apache.servicecomb.core.definition.schema.ConsumerSchemaFactory.createConsumerSchema(ConsumerSchemaFactory.java:51)
[2019-03-30 22:22:15,859/AEDT][pool-2-thread-1][INFO]add schema to service paths. Training21Days-HelloWorld:provider:hello. org.apache.servicecomb.common.rest.locator.ServicePathManager.addSchema(ServicePathManager.java:91)
[2019-03-30 22:22:15,861/AEDT][pool-2-thread-1][INFO]create MicroserviceVersionRule, appId=Training21Days-HelloWorld, microserviceName=provider, versionRule=0+. org.apache.servicecomb.serviceregistry.consumer.MicroserviceVersions.createAndInitMicroserviceVersionRule(MicroserviceVersions.java:229)
[2019-03-30 22:22:15,875/AEDT][pool-2-thread-1][INFO]latestVersion changed from null to 0.0.2.0, appId=Training21Days-HelloWorld, microserviceName=provider, versionRule=0.0.0.0+. org.apache.servicecomb.serviceregistry.consumer.MicroserviceVersionRule.resetLatestVersion(MicroserviceVersionRule.java:131)
[2019-03-30 22:22:15,875/AEDT][pool-2-thread-1][INFO]add microserviceVersion, appId=Training21Days-HelloWorld, microserviceName=provider, version=0.0.2.0, versionRule=0.0.0.0+. org.apache.servicecomb.serviceregistry.consumer.MicroserviceVersionRule.addMicroserviceVersion(MicroserviceVersionRule.java:90)
[2019-03-30 22:22:15,878/AEDT][pool-2-thread-1][INFO]set instances, appId=Training21Days-HelloWorld, microserviceName=provider, versionRule=0.0.0.0+, instanceId=d308019552dd11e9b17b0255ac105166, version=0.0.2.0, endpoints=[rest://192.168.1.4:8080]. org.apache.servicecomb.serviceregistry.consumer.MicroserviceVersionRule.lambda$setInstances$1(MicroserviceVersionRule.java:171)
[2019-03-30 22:22:15,886/AEDT][pool-2-thread-1][INFO]Create qpsController, configKey = [provider] org.apache.servicecomb.qps.QpsControllerManager.createQpsControllerIfNotExist(QpsControllerManager.java:125)
[2019-03-30 22:22:15,887/AEDT][pool-2-thread-1][INFO]Create qpsController, configKey = [provider.hello] org.apache.servicecomb.qps.QpsControllerManager.createQpsControllerIfNotExist(QpsControllerManager.java:125)
[2019-03-30 22:22:15,888/AEDT][pool-2-thread-1][INFO]Create qpsController, configKey = [provider.hello.sayHello] org.apache.servicecomb.qps.QpsControllerManager.createQpsControllerIfNotExist(QpsControllerManager.java:125)
[2019-03-30 22:22:15,889/AEDT][pool-2-thread-1][INFO]create MicroserviceVersionRule, appId=Training21Days-HelloWorld, microserviceName=provider, versionRule=0.0.0.0+. org.apache.servicecomb.serviceregistry.consumer.MicroserviceVersions.createAndInitMicroserviceVersionRule(MicroserviceVersions.java:229)
[2019-03-30 22:22:15,889/AEDT][pool-2-thread-1][INFO]latestVersion changed from null to 0.0.2.0, appId=Training21Days-HelloWorld, microserviceName=provider, versionRule=0.0.0.0+. org.apache.servicecomb.serviceregistry.consumer.MicroserviceVersionRule.resetLatestVersion(MicroserviceVersionRule.java:131)
[2019-03-30 22:22:15,890/AEDT][pool-2-thread-1][INFO]add microserviceVersion, appId=Training21Days-HelloWorld, microserviceName=provider, version=0.0.2.0, versionRule=0.0.0.0+. org.apache.servicecomb.serviceregistry.consumer.MicroserviceVersionRule.addMicroserviceVersion(MicroserviceVersionRule.java:90)
[2019-03-30 22:22:15,891/AEDT][pool-2-thread-1][INFO]set instances, appId=Training21Days-HelloWorld, microserviceName=provider, versionRule=0.0.0.0+, instanceId=d308019552dd11e9b17b0255ac105166, version=0.0.2.0, endpoints=[rest://192.168.1.4:8080]. org.apache.servicecomb.serviceregistry.consumer.MicroserviceVersionRule.lambda$setInstances$1(MicroserviceVersionRule.java:171)
[2019-03-30 22:22:15,900/AEDT][pool-2-thread-1][INFO]Found SPI service org.apache.servicecomb.serviceregistry.consumer.MicroserviceInstancePing, count=1. org.apache.servicecomb.foundation.common.utils.SPIServiceUtils.loadSortedService(SPIServiceUtils.java:79)
[2019-03-30 22:22:15,901/AEDT][pool-2-thread-1][INFO]  0. org.apache.servicecomb.serviceregistry.consumer.SimpleMicroserviceInstancePing. org.apache.servicecomb.foundation.common.utils.SPIServiceUtils.loadSortedService(SPIServiceUtils.java:82)
[2019-03-30 22:22:15,912/AEDT][pool-2-thread-1][INFO]Using load balance rule org.apache.servicecomb.loadbalance.RoundRobinRuleExt for microservice provider. org.apache.servicecomb.loadbalance.ExtensionsManager.createLoadBalancerRule(ExtensionsManager.java:52)
[2019-03-30 22:22:16,080/AEDT][pool-2-thread-1][INFO]Found SPI service org.apache.servicecomb.loadbalance.ServerListFilterExt, count=1. org.apache.servicecomb.foundation.common.utils.SPIServiceUtils.loadSortedService(SPIServiceUtils.java:79)
[2019-03-30 22:22:16,081/AEDT][pool-2-thread-1][INFO]  0. com.huawei.paas.darklaunch.DarklaunchServerListFilter. org.apache.servicecomb.foundation.common.utils.SPIServiceUtils.loadSortedService(SPIServiceUtils.java:82)
[2019-03-30 22:22:16,266/AEDT][transport-vert.x-eventloop-thread-4][INFO]192.168.1.4 - - Sat, 30 Mar 2019 22:22:13 AEDT /consumer/v0/hello?name=daneez 200 27 2741 5c9f5165e1617402 org.apache.servicecomb.transport.rest.vertx.accesslog.impl.AccessLogHandler.lambda$handle$0(AccessLogHandler.java:42)
[2019-03-30 22:24:13,417/AEDT][registry-vert.x-eventloop-thread-0][WARN]failed to findInstances: {"errorCode":"400012","errorMessage":"Micro-service does not exist","detail":"Consumer[8af8997795d55faab82872467e6a9f7cd49a1d1c][/Training21Days-HelloWorld/consumer/0.0.1] find provider[/Training21Days-HelloWorld/provider/0.0.0+] failed, provider does not exist."}
 org.apache.servicecomb.serviceregistry.client.http.ServiceRegistryClientImpl.lambda$null$7(ServiceRegistryClientImpl.java:242)
[2019-03-30 22:24:13,420/AEDT][Service Center Task [java.util.concurrent.ThreadPoolExecutor$Worker@207fce87[State = -1, empty queue][34]]][INFO]remove microservice, appId=Training21Days-HelloWorld, microserviceName=provider. org.apache.servicecomb.serviceregistry.consumer.MicroserviceManager.removeMicroservice(MicroserviceManager.java:73)
[2019-03-30 22:24:15,931/AEDT][LoadBalancerStatsTimer][INFO]ping mark server d308019552dd11e9b17b0255ac105166 failure. org.apache.servicecomb.loadbalance.ServiceCombLoadBalancerStats$3.run(ServiceCombLoadBalancerStats.java:172)
[2019-03-30 22:24:35,935/AEDT][LoadBalancerStatsTimer][INFO]ping mark server d308019552dd11e9b17b0255ac105166 failure. org.apache.servicecomb.loadbalance.ServiceCombLoadBalancerStats$3.run(ServiceCombLoadBalancerStats.java:172)
[2019-03-30 22:25:05,567/AEDT][pool-2-thread-2][INFO]create MicroserviceVersions, appId=Training21Days-HelloWorld, microserviceName=provider. org.apache.servicecomb.serviceregistry.consumer.MicroserviceVersions.<init>(MicroserviceVersions.java:83)
[2019-03-30 22:25:05,973/AEDT][pool-2-thread-2][INFO]find instances[1] from service center success. service=Training21Days-HelloWorld/provider/0.0.0+, old revision=null, new revision=d73bfca5cd1bf579f4cc98a3fe75352c45b24143 org.apache.servicecomb.serviceregistry.registry.AbstractServiceRegistry.findServiceInstances(AbstractServiceRegistry.java:260)
[2019-03-30 22:25:05,974/AEDT][pool-2-thread-2][INFO]service id=60b05eed142fd98103075ebb2c0c5269a5e94979, instance id=6a0c4dd352de11e9922c0255ac10556c, endpoints=[rest://192.168.1.4:8080] org.apache.servicecomb.serviceregistry.registry.AbstractServiceRegistry.findServiceInstances(AbstractServiceRegistry.java:268)
[2019-03-30 22:25:06,364/AEDT][pool-2-thread-2][INFO]create classloader for microservice Training21Days-HelloWorld:provider:0.0.2. org.apache.servicecomb.core.definition.classloader.MicroserviceClassLoader.<init>(MicroserviceClassLoader.java:41)
[2019-03-30 22:25:06,787/AEDT][pool-2-thread-2][INFO]load schema from service center, microservice=Training21Days-HelloWorld:provider:0.0.2, schemaId=hello, result=true org.apache.servicecomb.core.definition.schema.ConsumerSchemaFactory.loadSwagger(ConsumerSchemaFactory.java:73)
[2019-03-30 22:25:06,793/AEDT][pool-2-thread-2][INFO]register schema Training21Days-HelloWorld/provider/hello org.apache.servicecomb.core.definition.loader.SchemaLoader.registerSchema(SchemaLoader.java:83)
[2019-03-30 22:25:06,804/AEDT][pool-2-thread-2][INFO]create CtClass cse.gen.Training21Days_HelloWorld.provider.hello.HelloServiceIntf in classLoader MicroserviceClassLoader Training21Days-HelloWorld:provider:0.0.2. org.apache.servicecomb.common.javassist.JavassistUtils.createCtClass(JavassistUtils.java:185)
[2019-03-30 22:25:06,806/AEDT][pool-2-thread-2][INFO]create class cse.gen.Training21Days_HelloWorld.provider.hello.HelloServiceIntf in classLoader MicroserviceClassLoader Training21Days-HelloWorld:provider:0.0.2. org.apache.servicecomb.common.javassist.JavassistUtils.createClass(JavassistUtils.java:217)
[2019-03-30 22:25:06,807/AEDT][pool-2-thread-2][INFO]Loading schema for service 60b05eed142fd98103075ebb2c0c5269a5e94979 token 442 org.apache.servicecomb.core.definition.schema.ConsumerSchemaFactory.createConsumerSchema(ConsumerSchemaFactory.java:51)
[2019-03-30 22:25:06,810/AEDT][pool-2-thread-2][INFO]add schema to service paths. Training21Days-HelloWorld:provider:hello. org.apache.servicecomb.common.rest.locator.ServicePathManager.addSchema(ServicePathManager.java:91)
[2019-03-30 22:25:06,811/AEDT][pool-2-thread-2][INFO]create MicroserviceVersionRule, appId=Training21Days-HelloWorld, microserviceName=provider, versionRule=0.0.0.0+. org.apache.servicecomb.serviceregistry.consumer.MicroserviceVersions.createAndInitMicroserviceVersionRule(MicroserviceVersions.java:229)
[2019-03-30 22:25:06,812/AEDT][pool-2-thread-2][INFO]latestVersion changed from null to 0.0.2.0, appId=Training21Days-HelloWorld, microserviceName=provider, versionRule=0.0.0.0+. org.apache.servicecomb.serviceregistry.consumer.MicroserviceVersionRule.resetLatestVersion(MicroserviceVersionRule.java:131)
[2019-03-30 22:25:06,814/AEDT][pool-2-thread-2][INFO]add microserviceVersion, appId=Training21Days-HelloWorld, microserviceName=provider, version=0.0.2.0, versionRule=0.0.0.0+. org.apache.servicecomb.serviceregistry.consumer.MicroserviceVersionRule.addMicroserviceVersion(MicroserviceVersionRule.java:90)
[2019-03-30 22:25:06,815/AEDT][pool-2-thread-2][INFO]set instances, appId=Training21Days-HelloWorld, microserviceName=provider, versionRule=0.0.0.0+, instanceId=6a0c4dd352de11e9922c0255ac10556c, version=0.0.2.0, endpoints=[rest://192.168.1.4:8080]. org.apache.servicecomb.serviceregistry.consumer.MicroserviceVersionRule.lambda$setInstances$1(MicroserviceVersionRule.java:171)
[2019-03-30 22:25:06,834/AEDT][transport-vert.x-eventloop-thread-4][INFO]192.168.1.4 - - Sat, 30 Mar 2019 22:25:05 AEDT /consumer/v0/hello?name=daneez 200 27 1272 5c9f5211700b8aba org.apache.servicecomb.transport.rest.vertx.accesslog.impl.AccessLogHandler.lambda$handle$0(AccessLogHandler.java:42)
[2019-03-30 22:26:44,088/AEDT][Service Center Task [java.util.concurrent.ThreadPoolExecutor$Worker@2ff30a75[State = -1, empty queue][32]]][WARN]sc task taken more than 1066ms to execute org.apache.servicecomb.serviceregistry.task.ServiceCenterTaskMonitor.endCycle(ServiceCenterTaskMonitor.java:51)
[2019-03-30 22:27:25,984/AEDT][LoadBalancerStatsTimer][INFO]stats of instance d308019552dd11e9b17b0255ac105166 removed. org.apache.servicecomb.loadbalance.ServiceCombLoadBalancerStats$2.onRemoval(ServiceCombLoadBalancerStats.java:145)
[2019-03-30 22:30:16,027/AEDT][LoadBalancerStatsTimer][INFO]stats of instance 6a0c4dd352de11e9922c0255ac10556c removed. org.apache.servicecomb.loadbalance.ServiceCombLoadBalancerStats$2.onRemoval(ServiceCombLoadBalancerStats.java:145)
[2019-03-30 22:30:27,050/AEDT][transport-vert.x-eventloop-thread-4][INFO]192.168.1.4 - - Sat, 30 Mar 2019 22:30:27 AEDT /consumer/v0/hello?name=daneez 200 27 16 5c9f5353bbd3711e org.apache.servicecomb.transport.rest.vertx.accesslog.impl.AccessLogHandler.lambda$handle$0(AccessLogHandler.java:42)
[2019-03-30 22:30:27,191/AEDT][transport-vert.x-eventloop-thread-4][INFO]192.168.1.4 - - Sat, 30 Mar 2019 22:30:27 AEDT /consumer/v0/hello?name=daneez 200 27 10 5c9f535316c3d07d org.apache.servicecomb.transport.rest.vertx.accesslog.impl.AccessLogHandler.lambda$handle$0(AccessLogHandler.java:42)
[2019-03-30 22:30:27,332/AEDT][transport-vert.x-eventloop-thread-4][INFO]192.168.1.4 - - Sat, 30 Mar 2019 22:30:27 AEDT /consumer/v0/hello?name=daneez 200 27 10 5c9f5353fdbc2853 org.apache.servicecomb.transport.rest.vertx.accesslog.impl.AccessLogHandler.lambda$handle$0(AccessLogHandler.java:42)
[2019-03-30 22:30:27,508/AEDT][retry-pool-thread-2][INFO]Found SPI service org.apache.servicecomb.swagger.invocation.exception.ExceptionToProducerResponseConverter, count=3. org.apache.servicecomb.foundation.common.utils.SPIServiceUtils.loadSortedService(SPIServiceUtils.java:79)
[2019-03-30 22:30:27,509/AEDT][retry-pool-thread-2][INFO]  0. org.apache.servicecomb.swagger.invocation.validator.ConstraintViolationExceptionToProducerResponseConverter. org.apache.servicecomb.foundation.common.utils.SPIServiceUtils.loadSortedService(SPIServiceUtils.java:82)
[2019-03-30 22:30:27,509/AEDT][retry-pool-thread-2][INFO]  1. org.apache.servicecomb.swagger.invocation.exception.InvocationExceptionToProducerResponseConverter. org.apache.servicecomb.foundation.common.utils.SPIServiceUtils.loadSortedService(SPIServiceUtils.java:82)
[2019-03-30 22:30:27,509/AEDT][retry-pool-thread-2][INFO]  2. org.apache.servicecomb.swagger.invocation.exception.DefaultExceptionToProducerResponseConverter. org.apache.servicecomb.foundation.common.utils.SPIServiceUtils.loadSortedService(SPIServiceUtils.java:82)
[2019-03-30 22:30:27,513/AEDT][transport-vert.x-eventloop-thread-4][INFO]192.168.1.4 - - Sat, 30 Mar 2019 22:30:27 AEDT /consumer/v0/hello?name=daneez 429 41 48 5c9f5353b440ef17 org.apache.servicecomb.transport.rest.vertx.accesslog.impl.AccessLogHandler.lambda$handle$0(AccessLogHandler.java:42)
[2019-03-30 22:30:27,674/AEDT][transport-vert.x-eventloop-thread-4][INFO]192.168.1.4 - - Sat, 30 Mar 2019 22:30:27 AEDT /consumer/v0/hello?name=daneez 429 41 11 5c9f5353a6610510 org.apache.servicecomb.transport.rest.vertx.accesslog.impl.AccessLogHandler.lambda$handle$0(AccessLogHandler.java:42)
[2019-03-30 22:30:27,814/AEDT][transport-vert.x-eventloop-thread-4][INFO]192.168.1.4 - - Sat, 30 Mar 2019 22:30:27 AEDT /consumer/v0/hello?name=daneez 429 41 14 5c9f53530193ec67 org.apache.servicecomb.transport.rest.vertx.accesslog.impl.AccessLogHandler.lambda$handle$0(AccessLogHandler.java:42)
[2019-03-30 22:30:27,958/AEDT][transport-vert.x-eventloop-thread-4][INFO]192.168.1.4 - - Sat, 30 Mar 2019 22:30:27 AEDT /consumer/v0/hello?name=daneez 429 41 12 5c9f535361a62795 org.apache.servicecomb.transport.rest.vertx.accesslog.impl.AccessLogHandler.lambda$handle$0(AccessLogHandler.java:42)
[2019-03-30 22:30:28,096/AEDT][transport-vert.x-eventloop-thread-4][INFO]192.168.1.4 - - Sat, 30 Mar 2019 22:30:28 AEDT /consumer/v0/hello?name=daneez 200 27 9 5c9f5354ed6f2997 org.apache.servicecomb.transport.rest.vertx.accesslog.impl.AccessLogHandler.lambda$handle$0(AccessLogHandler.java:42)
[2019-03-30 22:30:28,235/AEDT][transport-vert.x-eventloop-thread-4][INFO]192.168.1.4 - - Sat, 30 Mar 2019 22:30:28 AEDT /consumer/v0/hello?name=daneez 200 27 7 5c9f5354315b1f37 org.apache.servicecomb.transport.rest.vertx.accesslog.impl.AccessLogHandler.lambda$handle$0(AccessLogHandler.java:42)
[2019-03-30 22:30:28,386/AEDT][transport-vert.x-eventloop-thread-4][INFO]192.168.1.4 - - Sat, 30 Mar 2019 22:30:28 AEDT /consumer/v0/hello?name=daneez 200 27 17 5c9f53540f3de4db org.apache.servicecomb.transport.rest.vertx.accesslog.impl.AccessLogHandler.lambda$handle$0(AccessLogHandler.java:42)
[2019-03-30 22:30:28,564/AEDT][transport-vert.x-eventloop-thread-4][INFO]192.168.1.4 - - Sat, 30 Mar 2019 22:30:28 AEDT /consumer/v0/hello?name=daneez 429 41 15 5c9f53543e483312 org.apache.servicecomb.transport.rest.vertx.accesslog.impl.AccessLogHandler.lambda$handle$0(AccessLogHandler.java:42)
[2019-03-30 22:30:28,714/AEDT][transport-vert.x-eventloop-thread-4][INFO]192.168.1.4 - - Sat, 30 Mar 2019 22:30:28 AEDT /consumer/v0/hello?name=daneez 429 41 15 5c9f5354c01a3f2b org.apache.servicecomb.transport.rest.vertx.accesslog.impl.AccessLogHandler.lambda$handle$0(AccessLogHandler.java:42)
[2019-03-30 22:30:28,859/AEDT][transport-vert.x-eventloop-thread-4][INFO]192.168.1.4 - - Sat, 30 Mar 2019 22:30:28 AEDT /consumer/v0/hello?name=daneez 429 41 10 5c9f53541188b828 org.apache.servicecomb.transport.rest.vertx.accesslog.impl.AccessLogHandler.lambda$handle$0(AccessLogHandler.java:42)
[2019-03-30 22:30:28,992/AEDT][transport-vert.x-eventloop-thread-4][INFO]192.168.1.4 - - Sat, 30 Mar 2019 22:30:28 AEDT /consumer/v0/hello?name=daneez 429 41 8 5c9f535483c799f7 org.apache.servicecomb.transport.rest.vertx.accesslog.impl.AccessLogHandler.lambda$handle$0(AccessLogHandler.java:42)
[2019-03-30 22:30:29,132/AEDT][transport-vert.x-eventloop-thread-4][INFO]192.168.1.4 - - Sat, 30 Mar 2019 22:30:29 AEDT /consumer/v0/hello?name=daneez 200 27 9 5c9f53553a70b9bd org.apache.servicecomb.transport.rest.vertx.accesslog.impl.AccessLogHandler.lambda$handle$0(AccessLogHandler.java:42)
[2019-03-30 22:30:29,283/AEDT][transport-vert.x-eventloop-thread-4][INFO]192.168.1.4 - - Sat, 30 Mar 2019 22:30:29 AEDT /consumer/v0/hello?name=daneez 200 27 22 5c9f5355a2618b0c org.apache.servicecomb.transport.rest.vertx.accesslog.impl.AccessLogHandler.lambda$handle$0(AccessLogHandler.java:42)
[2019-03-30 22:30:29,434/AEDT][transport-vert.x-eventloop-thread-4][INFO]192.168.1.4 - - Sat, 30 Mar 2019 22:30:29 AEDT /consumer/v0/hello?name=daneez 200 27 7 5c9f5355040c75fd org.apache.servicecomb.transport.rest.vertx.accesslog.impl.AccessLogHandler.lambda$handle$0(AccessLogHandler.java:42)
[2019-03-30 22:30:29,578/AEDT][transport-vert.x-eventloop-thread-4][INFO]192.168.1.4 - - Sat, 30 Mar 2019 22:30:29 AEDT /consumer/v0/hello?name=daneez 429 41 11 5c9f5355f1e3abda org.apache.servicecomb.transport.rest.vertx.accesslog.impl.AccessLogHandler.lambda$handle$0(AccessLogHandler.java:42)
[2019-03-30 22:30:29,736/AEDT][transport-vert.x-eventloop-thread-4][INFO]192.168.1.4 - - Sat, 30 Mar 2019 22:30:29 AEDT /consumer/v0/hello?name=daneez 429 41 15 5c9f535556062c09 org.apache.servicecomb.transport.rest.vertx.accesslog.impl.AccessLogHandler.lambda$handle$0(AccessLogHandler.java:42)
[2019-03-30 22:30:29,880/AEDT][transport-vert.x-eventloop-thread-4][INFO]192.168.1.4 - - Sat, 30 Mar 2019 22:30:29 AEDT /consumer/v0/hello?name=daneez 429 41 10 5c9f5355f2e9b09e org.apache.servicecomb.transport.rest.vertx.accesslog.impl.AccessLogHandler.lambda$handle$0(AccessLogHandler.java:42)
[2019-03-30 22:33:44,030/AEDT][Service Center Task [java.util.concurrent.ThreadPoolExecutor$Worker@2ff30a75[State = -1, empty queue][32]]][WARN]sc task taken more than 1007ms to execute org.apache.servicecomb.serviceregistry.task.ServiceCenterTaskMonitor.endCycle(ServiceCenterTaskMonitor.java:51)
[2019-03-30 22:35:36,107/AEDT][LoadBalancerStatsTimer][INFO]stats of instance 6a0c4dd352de11e9922c0255ac10556c removed. org.apache.servicecomb.loadbalance.ServiceCombLoadBalancerStats$2.onRemoval(ServiceCombLoadBalancerStats.java:145)
[2019-03-30 22:36:14,132/AEDT][Service Center Task [java.util.concurrent.ThreadPoolExecutor$Worker@746cb25d[State = -1, empty queue][33]]][WARN]sc task taken more than 1106ms to execute org.apache.servicecomb.serviceregistry.task.ServiceCenterTaskMonitor.endCycle(ServiceCenterTaskMonitor.java:51)
[2019-03-30 22:41:24,374/AEDT][transport-vert.x-eventloop-thread-4][INFO]192.168.1.4 - - Sat, 30 Mar 2019 22:41:24 AEDT /consumer/v0/hello?name=daneez 200 27 46 5c9f55e455cd2cdf org.apache.servicecomb.transport.rest.vertx.accesslog.impl.AccessLogHandler.lambda$handle$0(AccessLogHandler.java:42)
[2019-03-30 22:41:44,496/AEDT][Service Center Task [java.util.concurrent.ThreadPoolExecutor$Worker@207fce87[State = -1, empty queue][34]]][WARN]sc task taken more than 1469ms to execute org.apache.servicecomb.serviceregistry.task.ServiceCenterTaskMonitor.endCycle(ServiceCenterTaskMonitor.java:51)
[2019-03-30 22:43:14,102/AEDT][Service Center Task [java.util.concurrent.ThreadPoolExecutor$Worker@207fce87[State = -1, empty queue][34]]][WARN]sc task taken more than 1077ms to execute org.apache.servicecomb.serviceregistry.task.ServiceCenterTaskMonitor.endCycle(ServiceCenterTaskMonitor.java:51)
[2019-03-30 22:43:45,756/AEDT][Service Center Task [java.util.concurrent.ThreadPoolExecutor$Worker@207fce87[State = -1, empty queue][34]]][WARN]sc task taken more than 2733ms to execute org.apache.servicecomb.serviceregistry.task.ServiceCenterTaskMonitor.endCycle(ServiceCenterTaskMonitor.java:51)
[2019-03-30 22:44:13,609/AEDT][transport-vert.x-eventloop-thread-4][INFO]192.168.1.4 - - Sat, 30 Mar 2019 22:44:13 AEDT /consumer/v0/hello?name=daneez 200 27 19 5c9f568da9202391 org.apache.servicecomb.transport.rest.vertx.accesslog.impl.AccessLogHandler.lambda$handle$0(AccessLogHandler.java:42)
[2019-03-30 22:44:45,202/AEDT][Service Center Task [java.util.concurrent.ThreadPoolExecutor$Worker@207fce87[State = -1, empty queue][34]]][WARN]sc task taken more than 2178ms to execute org.apache.servicecomb.serviceregistry.task.ServiceCenterTaskMonitor.endCycle(ServiceCenterTaskMonitor.java:51)
[2019-03-30 22:44:46,657/AEDT][transport-vert.x-eventloop-thread-4][INFO]192.168.1.4 - - Sat, 30 Mar 2019 22:44:46 AEDT /consumer/v0/hello?name=daneez 200 27 13 5c9f56aedb777c16 org.apache.servicecomb.transport.rest.vertx.accesslog.impl.AccessLogHandler.lambda$handle$0(AccessLogHandler.java:42)
[2019-03-30 22:44:47,137/AEDT][transport-vert.x-eventloop-thread-4][INFO]192.168.1.4 - - Sat, 30 Mar 2019 22:44:47 AEDT /consumer/v0/hello?name=daneez 200 27 9 5c9f56af6aec73c3 org.apache.servicecomb.transport.rest.vertx.accesslog.impl.AccessLogHandler.lambda$handle$0(AccessLogHandler.java:42)
[2019-03-30 22:44:47,620/AEDT][transport-vert.x-eventloop-thread-4][INFO]192.168.1.4 - - Sat, 30 Mar 2019 22:44:47 AEDT /consumer/v0/hello?name=daneez 200 27 15 5c9f56af2383f2e0 org.apache.servicecomb.transport.rest.vertx.accesslog.impl.AccessLogHandler.lambda$handle$0(AccessLogHandler.java:42)
[2019-03-30 22:44:48,091/AEDT][transport-vert.x-eventloop-thread-4][INFO]192.168.1.4 - - Sat, 30 Mar 2019 22:44:48 AEDT /consumer/v0/hello?name=daneez 200 27 11 5c9f56b0a61b0d14 org.apache.servicecomb.transport.rest.vertx.accesslog.impl.AccessLogHandler.lambda$handle$0(AccessLogHandler.java:42)
[2019-03-30 22:44:48,571/AEDT][transport-vert.x-eventloop-thread-4][INFO]192.168.1.4 - - Sat, 30 Mar 2019 22:44:48 AEDT /consumer/v0/hello?name=daneez 200 27 8 5c9f56b006ce40b4 org.apache.servicecomb.transport.rest.vertx.accesslog.impl.AccessLogHandler.lambda$handle$0(AccessLogHandler.java:42)
[2019-03-30 22:44:49,063/AEDT][transport-vert.x-eventloop-thread-4][INFO]192.168.1.4 - - Sat, 30 Mar 2019 22:44:49 AEDT /consumer/v0/hello?name=daneez 200 27 19 5c9f56b12da15bf0 org.apache.servicecomb.transport.rest.vertx.accesslog.impl.AccessLogHandler.lambda$handle$0(AccessLogHandler.java:42)
[2019-03-30 22:44:49,534/AEDT][transport-vert.x-eventloop-thread-4][INFO]192.168.1.4 - - Sat, 30 Mar 2019 22:44:49 AEDT /consumer/v0/hello?name=daneez 200 27 10 5c9f56b173dfffcf org.apache.servicecomb.transport.rest.vertx.accesslog.impl.AccessLogHandler.lambda$handle$0(AccessLogHandler.java:42)
[2019-03-30 22:44:50,009/AEDT][transport-vert.x-eventloop-thread-4][INFO]192.168.1.4 - - Sat, 30 Mar 2019 22:44:49 AEDT /consumer/v0/hello?name=daneez 200 27 14 5c9f56b175d2882d org.apache.servicecomb.transport.rest.vertx.accesslog.impl.AccessLogHandler.lambda$handle$0(AccessLogHandler.java:42)
[2019-03-30 22:44:50,501/AEDT][transport-vert.x-eventloop-thread-4][INFO]192.168.1.4 - - Sat, 30 Mar 2019 22:44:50 AEDT /consumer/v0/hello?name=daneez 200 27 15 5c9f56b2f4e4c1fa org.apache.servicecomb.transport.rest.vertx.accesslog.impl.AccessLogHandler.lambda$handle$0(AccessLogHandler.java:42)
[2019-03-30 22:44:50,974/AEDT][transport-vert.x-eventloop-thread-4][INFO]192.168.1.4 - - Sat, 30 Mar 2019 22:44:50 AEDT /consumer/v0/hello?name=daneez 200 27 10 5c9f56b2de99999f org.apache.servicecomb.transport.rest.vertx.accesslog.impl.AccessLogHandler.lambda$handle$0(AccessLogHandler.java:42)
[2019-03-30 22:44:51,441/AEDT][transport-vert.x-eventloop-thread-4][INFO]192.168.1.4 - - Sat, 30 Mar 2019 22:44:51 AEDT /consumer/v0/hello?name=daneez 200 27 7 5c9f56b365f2e5cc org.apache.servicecomb.transport.rest.vertx.accesslog.impl.AccessLogHandler.lambda$handle$0(AccessLogHandler.java:42)
[2019-03-30 22:44:51,909/AEDT][transport-vert.x-eventloop-thread-4][INFO]192.168.1.4 - - Sat, 30 Mar 2019 22:44:51 AEDT /consumer/v0/hello?name=daneez 200 27 8 5c9f56b3a1d0636e org.apache.servicecomb.transport.rest.vertx.accesslog.impl.AccessLogHandler.lambda$handle$0(AccessLogHandler.java:42)
[2019-03-30 22:44:52,397/AEDT][transport-vert.x-eventloop-thread-4][INFO]192.168.1.4 - - Sat, 30 Mar 2019 22:44:52 AEDT /consumer/v0/hello?name=daneez 200 27 20 5c9f56b434578a5e org.apache.servicecomb.transport.rest.vertx.accesslog.impl.AccessLogHandler.lambda$handle$0(AccessLogHandler.java:42)
[2019-03-30 22:44:52,878/AEDT][transport-vert.x-eventloop-thread-4][INFO]192.168.1.4 - - Sat, 30 Mar 2019 22:44:52 AEDT /consumer/v0/hello?name=daneez 200 27 7 5c9f56b48379107b org.apache.servicecomb.transport.rest.vertx.accesslog.impl.AccessLogHandler.lambda$handle$0(AccessLogHandler.java:42)
[2019-03-30 22:44:53,357/AEDT][transport-vert.x-eventloop-thread-4][INFO]192.168.1.4 - - Sat, 30 Mar 2019 22:44:53 AEDT /consumer/v0/hello?name=daneez 200 27 15 5c9f56b530392157 org.apache.servicecomb.transport.rest.vertx.accesslog.impl.AccessLogHandler.lambda$handle$0(AccessLogHandler.java:42)
[2019-03-30 22:44:53,837/AEDT][transport-vert.x-eventloop-thread-4][INFO]192.168.1.4 - - Sat, 30 Mar 2019 22:44:53 AEDT /consumer/v0/hello?name=daneez 200 27 6 5c9f56b5b63b935b org.apache.servicecomb.transport.rest.vertx.accesslog.impl.AccessLogHandler.lambda$handle$0(AccessLogHandler.java:42)
[2019-03-30 22:44:54,318/AEDT][transport-vert.x-eventloop-thread-4][INFO]192.168.1.4 - - Sat, 30 Mar 2019 22:44:54 AEDT /consumer/v0/hello?name=daneez 200 27 9 5c9f56b68e117ad6 org.apache.servicecomb.transport.rest.vertx.accesslog.impl.AccessLogHandler.lambda$handle$0(AccessLogHandler.java:42)
[2019-03-30 22:44:54,782/AEDT][transport-vert.x-eventloop-thread-4][INFO]192.168.1.4 - - Sat, 30 Mar 2019 22:44:54 AEDT /consumer/v0/hello?name=daneez 200 27 8 5c9f56b6d52b6779 org.apache.servicecomb.transport.rest.vertx.accesslog.impl.AccessLogHandler.lambda$handle$0(AccessLogHandler.java:42)
[2019-03-30 22:44:55,257/AEDT][transport-vert.x-eventloop-thread-4][INFO]192.168.1.4 - - Sat, 30 Mar 2019 22:44:55 AEDT /consumer/v0/hello?name=daneez 200 27 14 5c9f56b7de541113 org.apache.servicecomb.transport.rest.vertx.accesslog.impl.AccessLogHandler.lambda$handle$0(AccessLogHandler.java:42)
[2019-03-30 22:44:55,737/AEDT][transport-vert.x-eventloop-thread-4][INFO]192.168.1.4 - - Sat, 30 Mar 2019 22:44:55 AEDT /consumer/v0/hello?name=daneez 200 27 11 5c9f56b7cc86614e org.apache.servicecomb.transport.rest.vertx.accesslog.impl.AccessLogHandler.lambda$handle$0(AccessLogHandler.java:42)
[2019-03-30 22:45:15,016/AEDT][transport-vert.x-eventloop-thread-4][INFO]192.168.1.4 - - Sat, 30 Mar 2019 22:45:15 AEDT /consumer/v0/hello?name=daneez 200 27 14 5c9f56cbcb909c2c org.apache.servicecomb.transport.rest.vertx.accesslog.impl.AccessLogHandler.lambda$handle$0(AccessLogHandler.java:42)
[2019-03-30 22:45:15,142/AEDT][transport-vert.x-eventloop-thread-4][INFO]192.168.1.4 - - Sat, 30 Mar 2019 22:45:15 AEDT /consumer/v0/hello?name=daneez 200 27 6 5c9f56cb5ef3e7a4 org.apache.servicecomb.transport.rest.vertx.accesslog.impl.AccessLogHandler.lambda$handle$0(AccessLogHandler.java:42)
[2019-03-30 22:45:15,198/AEDT][transport-vert.x-eventloop-thread-4][INFO]192.168.1.4 - - Sat, 30 Mar 2019 22:45:15 AEDT /consumer/v0/hello?name=daneez 200 27 7 5c9f56cb070c793f org.apache.servicecomb.transport.rest.vertx.accesslog.impl.AccessLogHandler.lambda$handle$0(AccessLogHandler.java:42)
[2019-03-30 22:45:15,257/AEDT][transport-vert.x-eventloop-thread-4][INFO]192.168.1.4 - - Sat, 30 Mar 2019 22:45:15 AEDT /consumer/v0/hello?name=daneez 429 41 8 5c9f56cbc002b6d0 org.apache.servicecomb.transport.rest.vertx.accesslog.impl.AccessLogHandler.lambda$handle$0(AccessLogHandler.java:42)
[2019-03-30 22:45:15,313/AEDT][transport-vert.x-eventloop-thread-4][INFO]192.168.1.4 - - Sat, 30 Mar 2019 22:45:15 AEDT /consumer/v0/hello?name=daneez 429 41 7 5c9f56cbe370b734 org.apache.servicecomb.transport.rest.vertx.accesslog.impl.AccessLogHandler.lambda$handle$0(AccessLogHandler.java:42)
[2019-03-30 22:45:15,375/AEDT][transport-vert.x-eventloop-thread-4][INFO]192.168.1.4 - - Sat, 30 Mar 2019 22:45:15 AEDT /consumer/v0/hello?name=daneez 429 41 8 5c9f56cba19a0bdc org.apache.servicecomb.transport.rest.vertx.accesslog.impl.AccessLogHandler.lambda$handle$0(AccessLogHandler.java:42)
[2019-03-30 22:45:15,436/AEDT][transport-vert.x-eventloop-thread-4][INFO]192.168.1.4 - - Sat, 30 Mar 2019 22:45:15 AEDT /consumer/v0/hello?name=daneez 429 41 8 5c9f56cbe7c201d2 org.apache.servicecomb.transport.rest.vertx.accesslog.impl.AccessLogHandler.lambda$handle$0(AccessLogHandler.java:42)
[2019-03-30 22:45:15,491/AEDT][transport-vert.x-eventloop-thread-4][INFO]192.168.1.4 - - Sat, 30 Mar 2019 22:45:15 AEDT /consumer/v0/hello?name=daneez 429 41 7 5c9f56cb1c57d915 org.apache.servicecomb.transport.rest.vertx.accesslog.impl.AccessLogHandler.lambda$handle$0(AccessLogHandler.java:42)
[2019-03-30 22:45:15,549/AEDT][transport-vert.x-eventloop-thread-4][INFO]192.168.1.4 - - Sat, 30 Mar 2019 22:45:15 AEDT /consumer/v0/hello?name=daneez 429 41 7 5c9f56cb409166f4 org.apache.servicecomb.transport.rest.vertx.accesslog.impl.AccessLogHandler.lambda$handle$0(AccessLogHandler.java:42)
[2019-03-30 22:45:15,615/AEDT][transport-vert.x-eventloop-thread-4][INFO]192.168.1.4 - - Sat, 30 Mar 2019 22:45:15 AEDT /consumer/v0/hello?name=daneez 429 41 8 5c9f56cb9fd3ecdd org.apache.servicecomb.transport.rest.vertx.accesslog.impl.AccessLogHandler.lambda$handle$0(AccessLogHandler.java:42)
[2019-03-30 22:45:15,685/AEDT][transport-vert.x-eventloop-thread-4][INFO]192.168.1.4 - - Sat, 30 Mar 2019 22:45:15 AEDT /consumer/v0/hello?name=daneez 429 41 10 5c9f56cb12880e89 org.apache.servicecomb.transport.rest.vertx.accesslog.impl.AccessLogHandler.lambda$handle$0(AccessLogHandler.java:42)
[2019-03-30 22:45:15,787/AEDT][transport-vert.x-eventloop-thread-4][INFO]192.168.1.4 - - Sat, 30 Mar 2019 22:45:15 AEDT /consumer/v0/hello?name=daneez 429 41 11 5c9f56cbb4883f70 org.apache.servicecomb.transport.rest.vertx.accesslog.impl.AccessLogHandler.lambda$handle$0(AccessLogHandler.java:42)
[2019-03-30 22:45:15,850/AEDT][transport-vert.x-eventloop-thread-4][INFO]192.168.1.4 - - Sat, 30 Mar 2019 22:45:15 AEDT /consumer/v0/hello?name=daneez 429 41 8 5c9f56cb08202b1f org.apache.servicecomb.transport.rest.vertx.accesslog.impl.AccessLogHandler.lambda$handle$0(AccessLogHandler.java:42)
[2019-03-30 22:45:15,909/AEDT][transport-vert.x-eventloop-thread-4][INFO]192.168.1.4 - - Sat, 30 Mar 2019 22:45:15 AEDT /consumer/v0/hello?name=daneez 429 41 6 5c9f56cbaad4d2d6 org.apache.servicecomb.transport.rest.vertx.accesslog.impl.AccessLogHandler.lambda$handle$0(AccessLogHandler.java:42)
[2019-03-30 22:45:15,963/AEDT][transport-vert.x-eventloop-thread-4][INFO]192.168.1.4 - - Sat, 30 Mar 2019 22:45:15 AEDT /consumer/v0/hello?name=daneez 429 41 5 5c9f56cb2776b72a org.apache.servicecomb.transport.rest.vertx.accesslog.impl.AccessLogHandler.lambda$handle$0(AccessLogHandler.java:42)
[2019-03-30 22:45:16,026/AEDT][transport-vert.x-eventloop-thread-4][INFO]192.168.1.4 - - Sat, 30 Mar 2019 22:45:16 AEDT /consumer/v0/hello?name=daneez 200 27 7 5c9f56cce7bdeb29 org.apache.servicecomb.transport.rest.vertx.accesslog.impl.AccessLogHandler.lambda$handle$0(AccessLogHandler.java:42)
[2019-03-30 22:45:16,083/AEDT][transport-vert.x-eventloop-thread-4][INFO]192.168.1.4 - - Sat, 30 Mar 2019 22:45:16 AEDT /consumer/v0/hello?name=daneez 200 27 7 5c9f56cca52e7b72 org.apache.servicecomb.transport.rest.vertx.accesslog.impl.AccessLogHandler.lambda$handle$0(AccessLogHandler.java:42)
[2019-03-30 22:45:16,140/AEDT][transport-vert.x-eventloop-thread-4][INFO]192.168.1.4 - - Sat, 30 Mar 2019 22:45:16 AEDT /consumer/v0/hello?name=daneez 200 27 6 5c9f56ccbaaf87cd org.apache.servicecomb.transport.rest.vertx.accesslog.impl.AccessLogHandler.lambda$handle$0(AccessLogHandler.java:42)
[2019-03-30 22:45:16,198/AEDT][transport-vert.x-eventloop-thread-4][INFO]192.168.1.4 - - Sat, 30 Mar 2019 22:45:16 AEDT /consumer/v0/hello?name=daneez 429 41 7 5c9f56cc4c18086e org.apache.servicecomb.transport.rest.vertx.accesslog.impl.AccessLogHandler.lambda$handle$0(AccessLogHandler.java:42)
[2019-03-30 22:45:16,269/AEDT][transport-vert.x-eventloop-thread-4][INFO]192.168.1.4 - - Sat, 30 Mar 2019 22:45:16 AEDT /consumer/v0/hello?name=daneez 429 41 8 5c9f56cc5ad2c03d org.apache.servicecomb.transport.rest.vertx.accesslog.impl.AccessLogHandler.lambda$handle$0(AccessLogHandler.java:42)
[2019-03-30 22:45:16,326/AEDT][transport-vert.x-eventloop-thread-4][INFO]192.168.1.4 - - Sat, 30 Mar 2019 22:45:16 AEDT /consumer/v0/hello?name=daneez 429 41 7 5c9f56cccd48f837 org.apache.servicecomb.transport.rest.vertx.accesslog.impl.AccessLogHandler.lambda$handle$0(AccessLogHandler.java:42)
[2019-03-30 22:45:16,381/AEDT][transport-vert.x-eventloop-thread-4][INFO]192.168.1.4 - - Sat, 30 Mar 2019 22:45:16 AEDT /consumer/v0/hello?name=daneez 429 41 6 5c9f56cce770926a org.apache.servicecomb.transport.rest.vertx.accesslog.impl.AccessLogHandler.lambda$handle$0(AccessLogHandler.java:42)
[2019-03-30 22:45:16,438/AEDT][transport-vert.x-eventloop-thread-4][INFO]192.168.1.4 - - Sat, 30 Mar 2019 22:45:16 AEDT /consumer/v0/hello?name=daneez 429 41 6 5c9f56ccf6644769 org.apache.servicecomb.transport.rest.vertx.accesslog.impl.AccessLogHandler.lambda$handle$0(AccessLogHandler.java:42)
[2019-03-30 22:45:16,502/AEDT][transport-vert.x-eventloop-thread-4][INFO]192.168.1.4 - - Sat, 30 Mar 2019 22:45:16 AEDT /consumer/v0/hello?name=daneez 429 41 9 5c9f56ccb8f58477 org.apache.servicecomb.transport.rest.vertx.accesslog.impl.AccessLogHandler.lambda$handle$0(AccessLogHandler.java:42)
[2019-03-30 22:45:16,549/AEDT][transport-vert.x-eventloop-thread-4][INFO]192.168.1.4 - - Sat, 30 Mar 2019 22:45:16 AEDT /consumer/v0/hello?name=daneez 429 41 7 5c9f56cc509cb987 org.apache.servicecomb.transport.rest.vertx.accesslog.impl.AccessLogHandler.lambda$handle$0(AccessLogHandler.java:42)
[2019-03-30 22:45:16,600/AEDT][transport-vert.x-eventloop-thread-4][INFO]192.168.1.4 - - Sat, 30 Mar 2019 22:45:16 AEDT /consumer/v0/hello?name=daneez 429 41 7 5c9f56cca4079728 org.apache.servicecomb.transport.rest.vertx.accesslog.impl.AccessLogHandler.lambda$handle$0(AccessLogHandler.java:42)
[2019-03-30 22:45:16,654/AEDT][transport-vert.x-eventloop-thread-4][INFO]192.168.1.4 - - Sat, 30 Mar 2019 22:45:16 AEDT /consumer/v0/hello?name=daneez 429 41 6 5c9f56cc6f4d8d78 org.apache.servicecomb.transport.rest.vertx.accesslog.impl.AccessLogHandler.lambda$handle$0(AccessLogHandler.java:42)
[2019-03-30 22:45:16,708/AEDT][transport-vert.x-eventloop-thread-4][INFO]192.168.1.4 - - Sat, 30 Mar 2019 22:45:16 AEDT /consumer/v0/hello?name=daneez 429 41 6 5c9f56cc5f317ee3 org.apache.servicecomb.transport.rest.vertx.accesslog.impl.AccessLogHandler.lambda$handle$0(AccessLogHandler.java:42)
[2019-03-30 22:45:16,763/AEDT][transport-vert.x-eventloop-thread-4][INFO]192.168.1.4 - - Sat, 30 Mar 2019 22:45:16 AEDT /consumer/v0/hello?name=daneez 429 41 7 5c9f56cc8f7d0589 org.apache.servicecomb.transport.rest.vertx.accesslog.impl.AccessLogHandler.lambda$handle$0(AccessLogHandler.java:42)
[2019-03-30 22:45:16,820/AEDT][transport-vert.x-eventloop-thread-4][INFO]192.168.1.4 - - Sat, 30 Mar 2019 22:45:16 AEDT /consumer/v0/hello?name=daneez 429 41 6 5c9f56cc30dc9219 org.apache.servicecomb.transport.rest.vertx.accesslog.impl.AccessLogHandler.lambda$handle$0(AccessLogHandler.java:42)
[2019-03-30 22:46:14,262/AEDT][Service Center Task [java.util.concurrent.ThreadPoolExecutor$Worker@207fce87[State = -1, empty queue][34]]][WARN]sc task taken more than 1235ms to execute org.apache.servicecomb.serviceregistry.task.ServiceCenterTaskMonitor.endCycle(ServiceCenterTaskMonitor.java:51)
[2019-03-30 22:48:01,679/AEDT][Thread-9][INFO]ServiceComb is closing now... org.apache.servicecomb.core.SCBEngine.destroy(SCBEngine.java:266)
[2019-03-30 22:48:01,680/AEDT][Thread-3][INFO]Closing org.springframework.context.support.ClassPathXmlApplicationContext@60addb54: startup date [Sat Mar 30 22:20:56 AEDT 2019]; root of context hierarchy org.springframework.context.support.AbstractApplicationContext.doClose(AbstractApplicationContext.java:984)
[2019-03-30 22:48:01,683/AEDT][Thread-9][INFO]BootListener org.apache.servicecomb.core.provider.producer.ProducerProviderManager succeed to process BEFORE_CLOSE. org.apache.servicecomb.core.SCBEngine.safeTriggerEvent(SCBEngine.java:160)
[2019-03-30 22:48:01,684/AEDT][Thread-9][INFO]BootListener org.apache.servicecomb.common.rest.RestEngineSchemaListener succeed to process BEFORE_CLOSE. org.apache.servicecomb.core.SCBEngine.safeTriggerEvent(SCBEngine.java:160)
[2019-03-30 22:48:01,684/AEDT][Thread-9][INFO]BootListener org.apache.servicecomb.AuthHandlerBoot succeed to process BEFORE_CLOSE. org.apache.servicecomb.core.SCBEngine.safeTriggerEvent(SCBEngine.java:160)
[2019-03-30 22:48:01,685/AEDT][Thread-9][INFO]BootListener com.huawei.paas.monitor.MonitorBootListener succeed to process BEFORE_CLOSE. org.apache.servicecomb.core.SCBEngine.safeTriggerEvent(SCBEngine.java:160)
[2019-03-30 22:48:01,686/AEDT][Thread-9][INFO]service center task is shutdown. org.apache.servicecomb.serviceregistry.registry.RemoteServiceRegistry.onShutdown(RemoteServiceRegistry.java:80)
[2019-03-30 22:48:02,142/AEDT][Thread-9][INFO]Unregister microservice instance success. microserviceId=8af8997795d55faab82872467e6a9f7cd49a1d1c instanceId=ecc96e5152dd11e9922c0255ac10556c org.apache.servicecomb.serviceregistry.registry.AbstractServiceRegistry.unregisterInstance(AbstractServiceRegistry.java:219)
[2019-03-30 22:48:02,143/AEDT][Thread-9][INFO]Closing vertx registry. org.apache.servicecomb.foundation.vertx.VertxUtils.closeVertxByName(VertxUtils.java:171)
[2019-03-30 22:48:02,187/AEDT][registry-vert.x-eventloop-thread-8][INFO]Success to close vertx registry. org.apache.servicecomb.foundation.vertx.VertxUtils.lambda$closeVertxByName$2(VertxUtils.java:182)
[2019-03-30 22:48:02,188/AEDT][Thread-9][INFO]Closing vertx config-center. org.apache.servicecomb.foundation.vertx.VertxUtils.closeVertxByName(VertxUtils.java:171)
[2019-03-30 22:48:02,195/AEDT][config-center-vert.x-eventloop-thread-8][INFO]Success to close vertx config-center. org.apache.servicecomb.foundation.vertx.VertxUtils.lambda$closeVertxByName$2(VertxUtils.java:182)
[2019-03-30 22:48:02,196/AEDT][Thread-9][INFO]Closing vertx transport. org.apache.servicecomb.foundation.vertx.VertxUtils.closeVertxByName(VertxUtils.java:171)
[2019-03-30 22:48:02,208/AEDT][transport-vert.x-eventloop-thread-8][INFO]Success to close vertx transport. org.apache.servicecomb.foundation.vertx.VertxUtils.lambda$closeVertxByName$2(VertxUtils.java:182)
[2019-03-30 22:48:02,211/AEDT][Thread-9][INFO]BootListener org.apache.servicecomb.core.provider.producer.ProducerProviderManager succeed to process AFTER_CLOSE. org.apache.servicecomb.core.SCBEngine.safeTriggerEvent(SCBEngine.java:160)
[2019-03-30 22:48:02,213/AEDT][Thread-9][INFO]BootListener org.apache.servicecomb.common.rest.RestEngineSchemaListener succeed to process AFTER_CLOSE. org.apache.servicecomb.core.SCBEngine.safeTriggerEvent(SCBEngine.java:160)
[2019-03-30 22:48:02,214/AEDT][Thread-9][INFO]BootListener org.apache.servicecomb.AuthHandlerBoot succeed to process AFTER_CLOSE. org.apache.servicecomb.core.SCBEngine.safeTriggerEvent(SCBEngine.java:160)
[2019-03-30 22:48:02,214/AEDT][Thread-9][INFO]BootListener com.huawei.paas.monitor.MonitorBootListener succeed to process AFTER_CLOSE. org.apache.servicecomb.core.SCBEngine.safeTriggerEvent(SCBEngine.java:160)
[2019-03-30 22:48:02,215/AEDT][Thread-9][INFO]ServiceComb had closed org.apache.servicecomb.core.SCBEngine.destroy(SCBEngine.java:269)
